..\bin\rtpdump.ilk
..\bin\rtpdump.pdb
H:\研究生\MV BOX JM18.6\JM\BIN\RTPDUMP.EXE
H:\研究生\MV BOX JM18.6\JM\BIN\RTPDUMP.ILK
H:\研究生\MV BOX JM18.6\JM\BIN\RTPDUMP.PDB
H:\研究生\MV BOX JM18.6\JM\RTPDUMP\DEBUG_WIN32_VC10\RTPDUMP.EXE.EMBED.MANIFEST
H:\研究生\MV BOX JM18.6\JM\RTPDUMP\DEBUG_WIN32_VC10\RTPDUMP.EXE.EMBED.MANIFEST.RES
H:\研究生\MV BOX JM18.6\JM\RTPDUMP\DEBUG_WIN32_VC10\RTPDUMP.EXE.INTERMEDIATE.MANIFEST
H:\研究生\MV BOX JM18.6\JM\RTPDUMP\DEBUG_WIN32_VC10\RTPDUMP.OBJ
H:\研究生\MV BOX JM18.6\JM\RTPDUMP\DEBUG_WIN32_VC10\VC100.PDB
H:\研究生\rec thresh jm18.6\JM\rtpdump\..\bin\rtpdump.exe
H:\研究生\rec thresh jm18.6\JM\rtpdump\Debug_Win32_vc10\cl.command.1.tlog
H:\研究生\rec thresh jm18.6\JM\rtpdump\Debug_Win32_vc10\CL.read.1.tlog
H:\研究生\rec thresh jm18.6\JM\rtpdump\Debug_Win32_vc10\CL.write.1.tlog
H:\研究生\rec thresh jm18.6\JM\rtpdump\Debug_Win32_vc10\link.2680.read.1.tlog
H:\研究生\rec thresh jm18.6\JM\rtpdump\Debug_Win32_vc10\link.2680.write.1.tlog
H:\研究生\rec thresh jm18.6\JM\rtpdump\Debug_Win32_vc10\link.2680-cvtres.read.1.tlog
H:\研究生\rec thresh jm18.6\JM\rtpdump\Debug_Win32_vc10\link.2680-cvtres.write.1.tlog
H:\研究生\rec thresh jm18.6\JM\rtpdump\Debug_Win32_vc10\link.command.1.tlog
H:\研究生\rec thresh jm18.6\JM\rtpdump\Debug_Win32_vc10\link.read.1.tlog
H:\研究生\rec thresh jm18.6\JM\rtpdump\Debug_Win32_vc10\link.write.1.tlog
H:\研究生\rec thresh jm18.6\JM\rtpdump\Debug_Win32_vc10\link-cvtres.read.1.tlog
H:\研究生\rec thresh jm18.6\JM\rtpdump\Debug_Win32_vc10\link-cvtres.write.1.tlog
H:\研究生\rec thresh jm18.6\JM\rtpdump\Debug_Win32_vc10\mt.command.1.tlog
H:\研究生\rec thresh jm18.6\JM\rtpdump\Debug_Win32_vc10\mt.read.1.tlog
H:\研究生\rec thresh jm18.6\JM\rtpdump\Debug_Win32_vc10\mt.write.1.tlog
H:\研究生\rec thresh jm18.6\JM\rtpdump\Debug_Win32_vc10\rc.command.1.tlog
H:\研究生\rec thresh jm18.6\JM\rtpdump\Debug_Win32_vc10\rc.read.1.tlog
H:\研究生\rec thresh jm18.6\JM\rtpdump\Debug_Win32_vc10\rc.write.1.tlog
H:\研究生\rec thresh jm18.6\JM\rtpdump\Debug_Win32_vc10\rtpdump.exe.embed.manifest
H:\研究生\rec thresh jm18.6\JM\rtpdump\Debug_Win32_vc10\rtpdump.exe.embed.manifest.res
H:\研究生\rec thresh jm18.6\JM\rtpdump\Debug_Win32_vc10\rtpdump.exe.intermediate.manifest
H:\研究生\rec thresh jm18.6\JM\rtpdump\Debug_Win32_vc10\rtpdump.obj
H:\研究生\rec thresh jm18.6\JM\rtpdump\Debug_Win32_vc10\rtpdump_manifest.rc
H:\研究生\rec thresh jm18.6\JM\rtpdump\Debug_Win32_vc10\vc100.idb
H:\研究生\rec thresh jm18.6\JM\rtpdump\Debug_Win32_vc10\vc100.pdb
