生成启动时间为 2014/7/27 17:19:11。
     1>项目“H:\研究生\rec thresh jm18.6\JM\rtpdump\rtpdump_vc10.vcxproj”在节点 4 上(rebuild 个目标)。
     1>_PrepareForClean:
         正在删除文件“Debug_Win32_vc10\rtpdump.lastbuildstate”。
       InitializeBuildStatus:
         正在创建“Debug_Win32_vc10\rtpdump.unsuccessfulbuild”，因为已指定“AlwaysCreate”。
       ClCompile:
         c:\Program Files\Microsoft Visual Studio 10.0\VC\bin\CL.exe /c /ZI /nologo /W3 /WX- /Od /Oy- /D WIN32 /D _DEBUG /D _CONSOLE /D _CRT_SECURE_NO_WARNINGS /D _UNICODE /D UNICODE /Gm- /EHsc /RTC1 /MDd /GS /fp:precise /Zc:wchar_t /Zc:forScope /Fo"Debug_Win32_vc10\\" /Fd"Debug_Win32_vc10\vc100.pdb" /Gd /TP /analyze- /errorReport:prompt rtpdump.cpp
         rtpdump.cpp
       ManifestResourceCompile:
         c:\Program Files\Microsoft SDKs\Windows\v7.0A\bin\rc.exe /nologo /fo"Debug_Win32_vc10\rtpdump.exe.embed.manifest.res" Debug_Win32_vc10\rtpdump_manifest.rc 
       Link:
         c:\Program Files\Microsoft Visual Studio 10.0\VC\bin\link.exe /ERRORREPORT:PROMPT /OUT:"..\bin\rtpdump.exe" /INCREMENTAL /NOLOGO Ws2_32.lib kernel32.lib user32.lib gdi32.lib winspool.lib comdlg32.lib advapi32.lib shell32.lib ole32.lib oleaut32.lib uuid.lib odbc32.lib odbccp32.lib /MANIFEST /ManifestFile:"Debug_Win32_vc10\rtpdump.exe.intermediate.manifest" /MANIFESTUAC:"level='asInvoker' uiAccess='false'" /DEBUG /PDB:"H:\研究生\rec thresh jm18.6\JM\bin\rtpdump.pdb" /SUBSYSTEM:CONSOLE /TLBID:1 /DYNAMICBASE:NO /IMPLIB:"..\bin\rtpdump.lib" /MACHINE:X86 Debug_Win32_vc10\rtpdump.exe.embed.manifest.res
         Debug_Win32_vc10\rtpdump.obj
       Manifest:
         正在删除文件“Debug_Win32_vc10\rtpdump.exe.embed.manifest”。
         c:\Program Files\Microsoft SDKs\Windows\v7.0A\bin\mt.exe /nologo /verbose /out:"Debug_Win32_vc10\rtpdump.exe.embed.manifest" /manifest Debug_Win32_vc10\rtpdump.exe.intermediate.manifest
         c:\Program Files\Microsoft SDKs\Windows\v7.0A\bin\rc.exe /nologo /fo"Debug_Win32_vc10\rtpdump.exe.embed.manifest.res" Debug_Win32_vc10\rtpdump_manifest.rc 
       LinkEmbedManifest:
         c:\Program Files\Microsoft Visual Studio 10.0\VC\bin\link.exe /ERRORREPORT:PROMPT /OUT:"..\bin\rtpdump.exe" /INCREMENTAL /NOLOGO Ws2_32.lib kernel32.lib user32.lib gdi32.lib winspool.lib comdlg32.lib advapi32.lib shell32.lib ole32.lib oleaut32.lib uuid.lib odbc32.lib odbccp32.lib /MANIFEST /ManifestFile:"Debug_Win32_vc10\rtpdump.exe.intermediate.manifest" /MANIFESTUAC:"level='asInvoker' uiAccess='false'" /DEBUG /PDB:"H:\研究生\rec thresh jm18.6\JM\bin\rtpdump.pdb" /SUBSYSTEM:CONSOLE /TLBID:1 /DYNAMICBASE:NO /IMPLIB:"..\bin\rtpdump.lib" /MACHINE:X86 Debug_Win32_vc10\rtpdump.exe.embed.manifest.res
         Debug_Win32_vc10\rtpdump.obj
         rtpdump_vc10.vcxproj -> H:\研究生\rec thresh jm18.6\JM\rtpdump\..\bin\rtpdump.exe
       FinalizeBuildStatus:
         正在删除文件“Debug_Win32_vc10\rtpdump.unsuccessfulbuild”。
         正在对“Debug_Win32_vc10\rtpdump.lastbuildstate”执行 Touch 任务。
     1>已完成生成项目“H:\研究生\rec thresh jm18.6\JM\rtpdump\rtpdump_vc10.vcxproj”(rebuild 个目标)的操作。

生成成功。

已用时间 00:00:35.69
