生成启动时间为 2014/7/27 17:19:05。
     1>项目“H:\研究生\rec thresh jm18.6\JM\rtp_loss\rtp_loss_vc10.vcxproj”在节点 3 上(rebuild 个目标)。
     1>_PrepareForClean:
         正在删除文件“Debug_Win32_vc10\rtp_loss.lastbuildstate”。
       InitializeBuildStatus:
         正在创建“Debug_Win32_vc10\rtp_loss.unsuccessfulbuild”，因为已指定“AlwaysCreate”。
       ClCompile:
         c:\Program Files\Microsoft Visual Studio 10.0\VC\bin\CL.exe /c /ZI /nologo /W3 /WX- /Od /Oy- /D WIN32 /D _DEBUG /D _CONSOLE /D _CRT_SECURE_NO_WARNINGS /D _UNICODE /D UNICODE /Gm- /EHsc /RTC1 /MDd /GS /fp:precise /Zc:wchar_t /Zc:forScope /Fo"Debug_Win32_vc10\\" /Fd"Debug_Win32_vc10\vc100.pdb" /Gd /TP /analyze- /errorReport:prompt rtp_loss.cpp
         rtp_loss.cpp
       ManifestResourceCompile:
         c:\Program Files\Microsoft SDKs\Windows\v7.0A\bin\rc.exe /nologo /fo"Debug_Win32_vc10\rtp_loss.exe.embed.manifest.res" Debug_Win32_vc10\rtp_loss_manifest.rc 
       Link:
         c:\Program Files\Microsoft Visual Studio 10.0\VC\bin\link.exe /ERRORREPORT:PROMPT /OUT:"..\bin\rtp_loss.exe" /INCREMENTAL /NOLOGO kernel32.lib user32.lib gdi32.lib winspool.lib comdlg32.lib advapi32.lib shell32.lib ole32.lib oleaut32.lib uuid.lib odbc32.lib odbccp32.lib /MANIFEST /ManifestFile:"Debug_Win32_vc10\rtp_loss.exe.intermediate.manifest" /MANIFESTUAC:"level='asInvoker' uiAccess='false'" /DEBUG /PDB:"H:\研究生\rec thresh jm18.6\JM\bin\rtp_loss.pdb" /SUBSYSTEM:CONSOLE /TLBID:1 /DYNAMICBASE:NO /IMPLIB:"..\bin\rtp_loss.lib" /MACHINE:X86 Debug_Win32_vc10\rtp_loss.exe.embed.manifest.res
         Debug_Win32_vc10\rtp_loss.obj
       Manifest:
         正在删除文件“Debug_Win32_vc10\rtp_loss.exe.embed.manifest”。
         c:\Program Files\Microsoft SDKs\Windows\v7.0A\bin\mt.exe /nologo /verbose /out:"Debug_Win32_vc10\rtp_loss.exe.embed.manifest" /manifest Debug_Win32_vc10\rtp_loss.exe.intermediate.manifest
         c:\Program Files\Microsoft SDKs\Windows\v7.0A\bin\rc.exe /nologo /fo"Debug_Win32_vc10\rtp_loss.exe.embed.manifest.res" Debug_Win32_vc10\rtp_loss_manifest.rc 
       LinkEmbedManifest:
         c:\Program Files\Microsoft Visual Studio 10.0\VC\bin\link.exe /ERRORREPORT:PROMPT /OUT:"..\bin\rtp_loss.exe" /INCREMENTAL /NOLOGO kernel32.lib user32.lib gdi32.lib winspool.lib comdlg32.lib advapi32.lib shell32.lib ole32.lib oleaut32.lib uuid.lib odbc32.lib odbccp32.lib /MANIFEST /ManifestFile:"Debug_Win32_vc10\rtp_loss.exe.intermediate.manifest" /MANIFESTUAC:"level='asInvoker' uiAccess='false'" /DEBUG /PDB:"H:\研究生\rec thresh jm18.6\JM\bin\rtp_loss.pdb" /SUBSYSTEM:CONSOLE /TLBID:1 /DYNAMICBASE:NO /IMPLIB:"..\bin\rtp_loss.lib" /MACHINE:X86 Debug_Win32_vc10\rtp_loss.exe.embed.manifest.res
         Debug_Win32_vc10\rtp_loss.obj
         rtp_loss_vc10.vcxproj -> H:\研究生\rec thresh jm18.6\JM\rtp_loss\..\bin\rtp_loss.exe
       FinalizeBuildStatus:
         正在删除文件“Debug_Win32_vc10\rtp_loss.unsuccessfulbuild”。
         正在对“Debug_Win32_vc10\rtp_loss.lastbuildstate”执行 Touch 任务。
     1>已完成生成项目“H:\研究生\rec thresh jm18.6\JM\rtp_loss\rtp_loss_vc10.vcxproj”(rebuild 个目标)的操作。

生成成功。

已用时间 00:02:25.89
