..\bin\rtp_loss.ilk
..\bin\rtp_loss.pdb
H:\研究生\MV BOX JM18.6\JM\BIN\RTP_LOSS.EXE
H:\研究生\MV BOX JM18.6\JM\BIN\RTP_LOSS.ILK
H:\研究生\MV BOX JM18.6\JM\BIN\RTP_LOSS.PDB
H:\研究生\MV BOX JM18.6\JM\RTP_LOSS\DEBUG_WIN32_VC10\RTP_LOSS.EXE.EMBED.MANIFEST
H:\研究生\MV BOX JM18.6\JM\RTP_LOSS\DEBUG_WIN32_VC10\RTP_LOSS.EXE.EMBED.MANIFEST.RES
H:\研究生\MV BOX JM18.6\JM\RTP_LOSS\DEBUG_WIN32_VC10\RTP_LOSS.EXE.INTERMEDIATE.MANIFEST
H:\研究生\MV BOX JM18.6\JM\RTP_LOSS\DEBUG_WIN32_VC10\RTP_LOSS.OBJ
H:\研究生\MV BOX JM18.6\JM\RTP_LOSS\DEBUG_WIN32_VC10\VC100.PDB
H:\研究生\rec thresh jm18.6\JM\rtp_loss\..\bin\rtp_loss.exe
H:\研究生\rec thresh jm18.6\JM\rtp_loss\Debug_Win32_vc10\cl.command.1.tlog
H:\研究生\rec thresh jm18.6\JM\rtp_loss\Debug_Win32_vc10\CL.read.1.tlog
H:\研究生\rec thresh jm18.6\JM\rtp_loss\Debug_Win32_vc10\CL.write.1.tlog
H:\研究生\rec thresh jm18.6\JM\rtp_loss\Debug_Win32_vc10\link.8088.read.1.tlog
H:\研究生\rec thresh jm18.6\JM\rtp_loss\Debug_Win32_vc10\link.8088.write.1.tlog
H:\研究生\rec thresh jm18.6\JM\rtp_loss\Debug_Win32_vc10\link.8088-cvtres.read.1.tlog
H:\研究生\rec thresh jm18.6\JM\rtp_loss\Debug_Win32_vc10\link.8088-cvtres.write.1.tlog
H:\研究生\rec thresh jm18.6\JM\rtp_loss\Debug_Win32_vc10\link.command.1.tlog
H:\研究生\rec thresh jm18.6\JM\rtp_loss\Debug_Win32_vc10\link.read.1.tlog
H:\研究生\rec thresh jm18.6\JM\rtp_loss\Debug_Win32_vc10\link.write.1.tlog
H:\研究生\rec thresh jm18.6\JM\rtp_loss\Debug_Win32_vc10\link-cvtres.read.1.tlog
H:\研究生\rec thresh jm18.6\JM\rtp_loss\Debug_Win32_vc10\link-cvtres.write.1.tlog
H:\研究生\rec thresh jm18.6\JM\rtp_loss\Debug_Win32_vc10\mt.command.1.tlog
H:\研究生\rec thresh jm18.6\JM\rtp_loss\Debug_Win32_vc10\mt.read.1.tlog
H:\研究生\rec thresh jm18.6\JM\rtp_loss\Debug_Win32_vc10\mt.write.1.tlog
H:\研究生\rec thresh jm18.6\JM\rtp_loss\Debug_Win32_vc10\rc.command.1.tlog
H:\研究生\rec thresh jm18.6\JM\rtp_loss\Debug_Win32_vc10\rc.read.1.tlog
H:\研究生\rec thresh jm18.6\JM\rtp_loss\Debug_Win32_vc10\rc.write.1.tlog
H:\研究生\rec thresh jm18.6\JM\rtp_loss\Debug_Win32_vc10\rtp_loss.exe.embed.manifest
H:\研究生\rec thresh jm18.6\JM\rtp_loss\Debug_Win32_vc10\rtp_loss.exe.embed.manifest.res
H:\研究生\rec thresh jm18.6\JM\rtp_loss\Debug_Win32_vc10\rtp_loss.exe.intermediate.manifest
H:\研究生\rec thresh jm18.6\JM\rtp_loss\Debug_Win32_vc10\rtp_loss.obj
H:\研究生\rec thresh jm18.6\JM\rtp_loss\Debug_Win32_vc10\rtp_loss_manifest.rc
H:\研究生\rec thresh jm18.6\JM\rtp_loss\Debug_Win32_vc10\vc100.idb
H:\研究生\rec thresh jm18.6\JM\rtp_loss\Debug_Win32_vc10\vc100.pdb
