.\bin\lencod.bsc
.\bin\lencod.ilk
H:\研究生\MV BOX JM18.6\JM\BIN\LENCOD.BSC
H:\研究生\MV BOX JM18.6\JM\BIN\LENCOD.EXE
H:\研究生\MV BOX JM18.6\JM\BIN\LENCOD.ILK
H:\研究生\MV BOX JM18.6\JM\LENCOD\DEBUG_WIN32_VC10\ANNEXB.SBR
H:\研究生\MV BOX JM18.6\JM\LENCOD\DEBUG_WIN32_VC10\BIARIENCODE.SBR
H:\研究生\MV BOX JM18.6\JM\LENCOD\DEBUG_WIN32_VC10\BLK_PREDICTION.SBR
H:\研究生\MV BOX JM18.6\JM\LENCOD\DEBUG_WIN32_VC10\BLOCK.SBR
H:\研究生\MV BOX JM18.6\JM\LENCOD\DEBUG_WIN32_VC10\CABAC.SBR
H:\研究生\MV BOX JM18.6\JM\LENCOD\DEBUG_WIN32_VC10\CCONV_YUV2RGB.SBR
H:\研究生\MV BOX JM18.6\JM\LENCOD\DEBUG_WIN32_VC10\CONFIG_COMMON.SBR
H:\研究生\MV BOX JM18.6\JM\LENCOD\DEBUG_WIN32_VC10\CONFIGFILE.SBR
H:\研究生\MV BOX JM18.6\JM\LENCOD\DEBUG_WIN32_VC10\CONFORMANCE.SBR
H:\研究生\MV BOX JM18.6\JM\LENCOD\DEBUG_WIN32_VC10\CONTEXT_INI.SBR
H:\研究生\MV BOX JM18.6\JM\LENCOD\DEBUG_WIN32_VC10\ERRDO.SBR
H:\研究生\MV BOX JM18.6\JM\LENCOD\DEBUG_WIN32_VC10\ERRDO_DIST_MHYP.SBR
H:\研究生\MV BOX JM18.6\JM\LENCOD\DEBUG_WIN32_VC10\EXPLICIT_GOP.SBR
H:\研究生\MV BOX JM18.6\JM\LENCOD\DEBUG_WIN32_VC10\EXPLICIT_SEQ.SBR
H:\研究生\MV BOX JM18.6\JM\LENCOD\DEBUG_WIN32_VC10\FILEHANDLE.SBR
H:\研究生\MV BOX JM18.6\JM\LENCOD\DEBUG_WIN32_VC10\FMO.SBR
H:\研究生\MV BOX JM18.6\JM\LENCOD\DEBUG_WIN32_VC10\GET_BLOCK_OTF.SBR
H:\研究生\MV BOX JM18.6\JM\LENCOD\DEBUG_WIN32_VC10\HEADER.SBR
H:\研究生\MV BOX JM18.6\JM\LENCOD\DEBUG_WIN32_VC10\HME_DISTORTION.SBR
H:\研究生\MV BOX JM18.6\JM\LENCOD\DEBUG_WIN32_VC10\HME_LUMA.SBR
H:\研究生\MV BOX JM18.6\JM\LENCOD\DEBUG_WIN32_VC10\IMAGE.SBR
H:\研究生\MV BOX JM18.6\JM\LENCOD\DEBUG_WIN32_VC10\IMAGE_MP.SBR
H:\研究生\MV BOX JM18.6\JM\LENCOD\DEBUG_WIN32_VC10\IMG_CHROMA.SBR
H:\研究生\MV BOX JM18.6\JM\LENCOD\DEBUG_WIN32_VC10\IMG_DIST_MS_SSIM.SBR
H:\研究生\MV BOX JM18.6\JM\LENCOD\DEBUG_WIN32_VC10\IMG_DIST_SNR.SBR
H:\研究生\MV BOX JM18.6\JM\LENCOD\DEBUG_WIN32_VC10\IMG_DIST_SSIM.SBR
H:\研究生\MV BOX JM18.6\JM\LENCOD\DEBUG_WIN32_VC10\IMG_DISTORTION.SBR
H:\研究生\MV BOX JM18.6\JM\LENCOD\DEBUG_WIN32_VC10\IMG_IO.SBR
H:\研究生\MV BOX JM18.6\JM\LENCOD\DEBUG_WIN32_VC10\IMG_LUMA.SBR
H:\研究生\MV BOX JM18.6\JM\LENCOD\DEBUG_WIN32_VC10\IMG_PROCESS.SBR
H:\研究生\MV BOX JM18.6\JM\LENCOD\DEBUG_WIN32_VC10\INPUT.SBR
H:\研究生\MV BOX JM18.6\JM\LENCOD\DEBUG_WIN32_VC10\INTRA_CHROMA.SBR
H:\研究生\MV BOX JM18.6\JM\LENCOD\DEBUG_WIN32_VC10\INTRA16X16.SBR
H:\研究生\MV BOX JM18.6\JM\LENCOD\DEBUG_WIN32_VC10\INTRA4X4.SBR
H:\研究生\MV BOX JM18.6\JM\LENCOD\DEBUG_WIN32_VC10\INTRA8X8.SBR
H:\研究生\MV BOX JM18.6\JM\LENCOD\DEBUG_WIN32_VC10\INTRAREFRESH.SBR
H:\研究生\MV BOX JM18.6\JM\LENCOD\DEBUG_WIN32_VC10\IO_RAW.SBR
H:\研究生\MV BOX JM18.6\JM\LENCOD\DEBUG_WIN32_VC10\IO_TIFF.SBR
H:\研究生\MV BOX JM18.6\JM\LENCOD\DEBUG_WIN32_VC10\LAMBDA.SBR
H:\研究生\MV BOX JM18.6\JM\LENCOD\DEBUG_WIN32_VC10\LEAKY_BUCKET.SBR
H:\研究生\MV BOX JM18.6\JM\LENCOD\DEBUG_WIN32_VC10\LENCOD.EXE.EMBED.MANIFEST
H:\研究生\MV BOX JM18.6\JM\LENCOD\DEBUG_WIN32_VC10\LENCOD.EXE.EMBED.MANIFEST.RES
H:\研究生\MV BOX JM18.6\JM\LENCOD\DEBUG_WIN32_VC10\LENCOD.EXE.INTERMEDIATE.MANIFEST
H:\研究生\MV BOX JM18.6\JM\LENCOD\DEBUG_WIN32_VC10\LENCOD.SBR
H:\研究生\MV BOX JM18.6\JM\LENCOD\DEBUG_WIN32_VC10\LIST_REORDER.SBR
H:\研究生\MV BOX JM18.6\JM\LENCOD\DEBUG_WIN32_VC10\LLN_MC_PREDICTION.SBR
H:\研究生\MV BOX JM18.6\JM\LENCOD\DEBUG_WIN32_VC10\LOOP_FILTER_MBAFF.SBR
H:\研究生\MV BOX JM18.6\JM\LENCOD\DEBUG_WIN32_VC10\LOOP_FILTER_NORMAL.SBR
H:\研究生\MV BOX JM18.6\JM\LENCOD\DEBUG_WIN32_VC10\LOOPFILTER.SBR
H:\研究生\MV BOX JM18.6\JM\LENCOD\DEBUG_WIN32_VC10\MACROBLOCK.SBR
H:\研究生\MV BOX JM18.6\JM\LENCOD\DEBUG_WIN32_VC10\MACROBLOCK_P444.SBR
H:\研究生\MV BOX JM18.6\JM\LENCOD\DEBUG_WIN32_VC10\MB_ACCESS.SBR
H:\研究生\MV BOX JM18.6\JM\LENCOD\DEBUG_WIN32_VC10\MBUFFER.SBR
H:\研究生\MV BOX JM18.6\JM\LENCOD\DEBUG_WIN32_VC10\MBUFFER_COMMON.SBR
H:\研究生\MV BOX JM18.6\JM\LENCOD\DEBUG_WIN32_VC10\MC_PREDICTION.SBR
H:\研究生\MV BOX JM18.6\JM\LENCOD\DEBUG_WIN32_VC10\MC_PREDICTION_OTF.SBR
H:\研究生\MV BOX JM18.6\JM\LENCOD\DEBUG_WIN32_VC10\MD_COMMON.SBR
H:\研究生\MV BOX JM18.6\JM\LENCOD\DEBUG_WIN32_VC10\MD_DISTORTION.SBR
H:\研究生\MV BOX JM18.6\JM\LENCOD\DEBUG_WIN32_VC10\MD_HIGH.SBR
H:\研究生\MV BOX JM18.6\JM\LENCOD\DEBUG_WIN32_VC10\MD_HIGH_UPDATED.SBR
H:\研究生\MV BOX JM18.6\JM\LENCOD\DEBUG_WIN32_VC10\MD_HIGHFAST.SBR
H:\研究生\MV BOX JM18.6\JM\LENCOD\DEBUG_WIN32_VC10\MD_HIGHLOSS.SBR
H:\研究生\MV BOX JM18.6\JM\LENCOD\DEBUG_WIN32_VC10\MD_LOW.SBR
H:\研究生\MV BOX JM18.6\JM\LENCOD\DEBUG_WIN32_VC10\ME_DISTORTION.SBR
H:\研究生\MV BOX JM18.6\JM\LENCOD\DEBUG_WIN32_VC10\ME_DISTORTION_OTF.SBR
H:\研究生\MV BOX JM18.6\JM\LENCOD\DEBUG_WIN32_VC10\ME_EPZS.SBR
H:\研究生\MV BOX JM18.6\JM\LENCOD\DEBUG_WIN32_VC10\ME_EPZS_COMMON.SBR
H:\研究生\MV BOX JM18.6\JM\LENCOD\DEBUG_WIN32_VC10\ME_EPZS_INT.SBR
H:\研究生\MV BOX JM18.6\JM\LENCOD\DEBUG_WIN32_VC10\ME_EPZS_SUB.SBR
H:\研究生\MV BOX JM18.6\JM\LENCOD\DEBUG_WIN32_VC10\ME_FULLFAST.SBR
H:\研究生\MV BOX JM18.6\JM\LENCOD\DEBUG_WIN32_VC10\ME_FULLFAST_OTF.SBR
H:\研究生\MV BOX JM18.6\JM\LENCOD\DEBUG_WIN32_VC10\ME_FULLSEARCH.SBR
H:\研究生\MV BOX JM18.6\JM\LENCOD\DEBUG_WIN32_VC10\ME_HME.SBR
H:\研究生\MV BOX JM18.6\JM\LENCOD\DEBUG_WIN32_VC10\ME_UMHEX.SBR
H:\研究生\MV BOX JM18.6\JM\LENCOD\DEBUG_WIN32_VC10\ME_UMHEXSMP.SBR
H:\研究生\MV BOX JM18.6\JM\LENCOD\DEBUG_WIN32_VC10\MEMALLOC.SBR
H:\研究生\MV BOX JM18.6\JM\LENCOD\DEBUG_WIN32_VC10\MMCO.SBR
H:\研究生\MV BOX JM18.6\JM\LENCOD\DEBUG_WIN32_VC10\MODE_DECISION.SBR
H:\研究生\MV BOX JM18.6\JM\LENCOD\DEBUG_WIN32_VC10\MODE_DECISION_P8X8.SBR
H:\研究生\MV BOX JM18.6\JM\LENCOD\DEBUG_WIN32_VC10\MV_DIRECT.SBR
H:\研究生\MV BOX JM18.6\JM\LENCOD\DEBUG_WIN32_VC10\MV_PREDICTION.SBR
H:\研究生\MV BOX JM18.6\JM\LENCOD\DEBUG_WIN32_VC10\MV_SEARCH.SBR
H:\研究生\MV BOX JM18.6\JM\LENCOD\DEBUG_WIN32_VC10\NAL.SBR
H:\研究生\MV BOX JM18.6\JM\LENCOD\DEBUG_WIN32_VC10\NALU.SBR
H:\研究生\MV BOX JM18.6\JM\LENCOD\DEBUG_WIN32_VC10\NALUCOMMON.SBR
H:\研究生\MV BOX JM18.6\JM\LENCOD\DEBUG_WIN32_VC10\OUTPUT.SBR
H:\研究生\MV BOX JM18.6\JM\LENCOD\DEBUG_WIN32_VC10\PARSET.SBR
H:\研究生\MV BOX JM18.6\JM\LENCOD\DEBUG_WIN32_VC10\PARSETCOMMON.SBR
H:\研究生\MV BOX JM18.6\JM\LENCOD\DEBUG_WIN32_VC10\PRED_STRUCT.SBR
H:\研究生\MV BOX JM18.6\JM\LENCOD\DEBUG_WIN32_VC10\Q_AROUND.SBR
H:\研究生\MV BOX JM18.6\JM\LENCOD\DEBUG_WIN32_VC10\Q_MATRIX.SBR
H:\研究生\MV BOX JM18.6\JM\LENCOD\DEBUG_WIN32_VC10\Q_OFFSETS.SBR
H:\研究生\MV BOX JM18.6\JM\LENCOD\DEBUG_WIN32_VC10\QUANT4X4.SBR
H:\研究生\MV BOX JM18.6\JM\LENCOD\DEBUG_WIN32_VC10\QUANT4X4_2STEP.SBR
H:\研究生\MV BOX JM18.6\JM\LENCOD\DEBUG_WIN32_VC10\QUANT4X4_AROUND.SBR
H:\研究生\MV BOX JM18.6\JM\LENCOD\DEBUG_WIN32_VC10\QUANT4X4_NORMAL.SBR
H:\研究生\MV BOX JM18.6\JM\LENCOD\DEBUG_WIN32_VC10\QUANT4X4_TRELLIS.SBR
H:\研究生\MV BOX JM18.6\JM\LENCOD\DEBUG_WIN32_VC10\QUANT8X8.SBR
H:\研究生\MV BOX JM18.6\JM\LENCOD\DEBUG_WIN32_VC10\QUANT8X8_AROUND.SBR
H:\研究生\MV BOX JM18.6\JM\LENCOD\DEBUG_WIN32_VC10\QUANT8X8_NORMAL.SBR
H:\研究生\MV BOX JM18.6\JM\LENCOD\DEBUG_WIN32_VC10\QUANT8X8_TRELLIS.SBR
H:\研究生\MV BOX JM18.6\JM\LENCOD\DEBUG_WIN32_VC10\QUANTCHROMA.SBR
H:\研究生\MV BOX JM18.6\JM\LENCOD\DEBUG_WIN32_VC10\QUANTCHROMA_2STEP.SBR
H:\研究生\MV BOX JM18.6\JM\LENCOD\DEBUG_WIN32_VC10\QUANTCHROMA_AROUND.SBR
H:\研究生\MV BOX JM18.6\JM\LENCOD\DEBUG_WIN32_VC10\QUANTCHROMA_NORMAL.SBR
H:\研究生\MV BOX JM18.6\JM\LENCOD\DEBUG_WIN32_VC10\QUANTCHROMA_TRELLIS.SBR
H:\研究生\MV BOX JM18.6\JM\LENCOD\DEBUG_WIN32_VC10\RATECTL.SBR
H:\研究生\MV BOX JM18.6\JM\LENCOD\DEBUG_WIN32_VC10\RC_QUADRATIC.SBR
H:\研究生\MV BOX JM18.6\JM\LENCOD\DEBUG_WIN32_VC10\RD_INTRA_JM.SBR
H:\研究生\MV BOX JM18.6\JM\LENCOD\DEBUG_WIN32_VC10\RD_INTRA_JM_LOW.SBR
H:\研究生\MV BOX JM18.6\JM\LENCOD\DEBUG_WIN32_VC10\RD_INTRA_JM444.SBR
H:\研究生\MV BOX JM18.6\JM\LENCOD\DEBUG_WIN32_VC10\RDOPT.SBR
H:\研究生\MV BOX JM18.6\JM\LENCOD\DEBUG_WIN32_VC10\RDOPT_CODING_STATE.SBR
H:\研究生\MV BOX JM18.6\JM\LENCOD\DEBUG_WIN32_VC10\RDOQ.SBR
H:\研究生\MV BOX JM18.6\JM\LENCOD\DEBUG_WIN32_VC10\RDOQ_CABAC.SBR
H:\研究生\MV BOX JM18.6\JM\LENCOD\DEBUG_WIN32_VC10\RDOQ_CAVLC.SBR
H:\研究生\MV BOX JM18.6\JM\LENCOD\DEBUG_WIN32_VC10\RDPICDECISION.SBR
H:\研究生\MV BOX JM18.6\JM\LENCOD\DEBUG_WIN32_VC10\REPORT.SBR
H:\研究生\MV BOX JM18.6\JM\LENCOD\DEBUG_WIN32_VC10\RESIZE.SBR
H:\研究生\MV BOX JM18.6\JM\LENCOD\DEBUG_WIN32_VC10\RTP.SBR
H:\研究生\MV BOX JM18.6\JM\LENCOD\DEBUG_WIN32_VC10\SEI.SBR
H:\研究生\MV BOX JM18.6\JM\LENCOD\DEBUG_WIN32_VC10\SLICE.SBR
H:\研究生\MV BOX JM18.6\JM\LENCOD\DEBUG_WIN32_VC10\SYMBOL.SBR
H:\研究生\MV BOX JM18.6\JM\LENCOD\DEBUG_WIN32_VC10\TRANSFORM.SBR
H:\研究生\MV BOX JM18.6\JM\LENCOD\DEBUG_WIN32_VC10\TRANSFORM8X8.SBR
H:\研究生\MV BOX JM18.6\JM\LENCOD\DEBUG_WIN32_VC10\TRANSFORM8X8_H444.SBR
H:\研究生\MV BOX JM18.6\JM\LENCOD\DEBUG_WIN32_VC10\VLC.SBR
H:\研究生\MV BOX JM18.6\JM\LENCOD\DEBUG_WIN32_VC10\WEIGHTED_PREDICTION.SBR
H:\研究生\MV BOX JM18.6\JM\LENCOD\DEBUG_WIN32_VC10\WIN32.SBR
H:\研究生\MV BOX JM18.6\JM\LENCOD\DEBUG_WIN32_VC10\WP_LMS.SBR
H:\研究生\MV BOX JM18.6\JM\LENCOD\DEBUG_WIN32_VC10\WP_MCITER.SBR
H:\研究生\MV BOX JM18.6\JM\LENCOD\DEBUG_WIN32_VC10\WP_MCPREC.SBR
H:\研究生\MV BOX JM18.6\JM\LENCOD\DEBUG_WIN32_VC10\WP_PERIODIC.SBR
H:\研究生\MV BOX JM18.6\JM\LENCOD\DEBUG_WIN32_VC10\WP_RANDOM.SBR
H:\研究生\MV BOX JM18.6\JM\LENCOD\DEBUG_WIN32_VC9\ANNEXB.OBJ
H:\研究生\MV BOX JM18.6\JM\LENCOD\DEBUG_WIN32_VC9\BIARIENCODE.OBJ
H:\研究生\MV BOX JM18.6\JM\LENCOD\DEBUG_WIN32_VC9\BLK_PREDICTION.OBJ
H:\研究生\MV BOX JM18.6\JM\LENCOD\DEBUG_WIN32_VC9\BLOCK.OBJ
H:\研究生\MV BOX JM18.6\JM\LENCOD\DEBUG_WIN32_VC9\CABAC.OBJ
H:\研究生\MV BOX JM18.6\JM\LENCOD\DEBUG_WIN32_VC9\CCONV_YUV2RGB.OBJ
H:\研究生\MV BOX JM18.6\JM\LENCOD\DEBUG_WIN32_VC9\CONFIG_COMMON.OBJ
H:\研究生\MV BOX JM18.6\JM\LENCOD\DEBUG_WIN32_VC9\CONFIGFILE.OBJ
H:\研究生\MV BOX JM18.6\JM\LENCOD\DEBUG_WIN32_VC9\CONFORMANCE.OBJ
H:\研究生\MV BOX JM18.6\JM\LENCOD\DEBUG_WIN32_VC9\CONTEXT_INI.OBJ
H:\研究生\MV BOX JM18.6\JM\LENCOD\DEBUG_WIN32_VC9\ERRDO.OBJ
H:\研究生\MV BOX JM18.6\JM\LENCOD\DEBUG_WIN32_VC9\ERRDO_DIST_MHYP.OBJ
H:\研究生\MV BOX JM18.6\JM\LENCOD\DEBUG_WIN32_VC9\EXPLICIT_GOP.OBJ
H:\研究生\MV BOX JM18.6\JM\LENCOD\DEBUG_WIN32_VC9\EXPLICIT_SEQ.OBJ
H:\研究生\MV BOX JM18.6\JM\LENCOD\DEBUG_WIN32_VC9\FILEHANDLE.OBJ
H:\研究生\MV BOX JM18.6\JM\LENCOD\DEBUG_WIN32_VC9\FMO.OBJ
H:\研究生\MV BOX JM18.6\JM\LENCOD\DEBUG_WIN32_VC9\GET_BLOCK_OTF.OBJ
H:\研究生\MV BOX JM18.6\JM\LENCOD\DEBUG_WIN32_VC9\HEADER.OBJ
H:\研究生\MV BOX JM18.6\JM\LENCOD\DEBUG_WIN32_VC9\HME_DISTORTION.OBJ
H:\研究生\MV BOX JM18.6\JM\LENCOD\DEBUG_WIN32_VC9\HME_LUMA.OBJ
H:\研究生\MV BOX JM18.6\JM\LENCOD\DEBUG_WIN32_VC9\IMAGE.OBJ
H:\研究生\MV BOX JM18.6\JM\LENCOD\DEBUG_WIN32_VC9\IMAGE_MP.OBJ
H:\研究生\MV BOX JM18.6\JM\LENCOD\DEBUG_WIN32_VC9\IMG_CHROMA.OBJ
H:\研究生\MV BOX JM18.6\JM\LENCOD\DEBUG_WIN32_VC9\IMG_DIST_MS_SSIM.OBJ
H:\研究生\MV BOX JM18.6\JM\LENCOD\DEBUG_WIN32_VC9\IMG_DIST_SNR.OBJ
H:\研究生\MV BOX JM18.6\JM\LENCOD\DEBUG_WIN32_VC9\IMG_DIST_SSIM.OBJ
H:\研究生\MV BOX JM18.6\JM\LENCOD\DEBUG_WIN32_VC9\IMG_DISTORTION.OBJ
H:\研究生\MV BOX JM18.6\JM\LENCOD\DEBUG_WIN32_VC9\IMG_IO.OBJ
H:\研究生\MV BOX JM18.6\JM\LENCOD\DEBUG_WIN32_VC9\IMG_LUMA.OBJ
H:\研究生\MV BOX JM18.6\JM\LENCOD\DEBUG_WIN32_VC9\IMG_PROCESS.OBJ
H:\研究生\MV BOX JM18.6\JM\LENCOD\DEBUG_WIN32_VC9\INPUT.OBJ
H:\研究生\MV BOX JM18.6\JM\LENCOD\DEBUG_WIN32_VC9\INTRA_CHROMA.OBJ
H:\研究生\MV BOX JM18.6\JM\LENCOD\DEBUG_WIN32_VC9\INTRA16X16.OBJ
H:\研究生\MV BOX JM18.6\JM\LENCOD\DEBUG_WIN32_VC9\INTRA4X4.OBJ
H:\研究生\MV BOX JM18.6\JM\LENCOD\DEBUG_WIN32_VC9\INTRA8X8.OBJ
H:\研究生\MV BOX JM18.6\JM\LENCOD\DEBUG_WIN32_VC9\INTRAREFRESH.OBJ
H:\研究生\MV BOX JM18.6\JM\LENCOD\DEBUG_WIN32_VC9\IO_RAW.OBJ
H:\研究生\MV BOX JM18.6\JM\LENCOD\DEBUG_WIN32_VC9\IO_TIFF.OBJ
H:\研究生\MV BOX JM18.6\JM\LENCOD\DEBUG_WIN32_VC9\LAMBDA.OBJ
H:\研究生\MV BOX JM18.6\JM\LENCOD\DEBUG_WIN32_VC9\LEAKY_BUCKET.OBJ
H:\研究生\MV BOX JM18.6\JM\LENCOD\DEBUG_WIN32_VC9\LENCOD.OBJ
H:\研究生\MV BOX JM18.6\JM\LENCOD\DEBUG_WIN32_VC9\LENCOD.PDB
H:\研究生\MV BOX JM18.6\JM\LENCOD\DEBUG_WIN32_VC9\LIST_REORDER.OBJ
H:\研究生\MV BOX JM18.6\JM\LENCOD\DEBUG_WIN32_VC9\LLN_MC_PREDICTION.OBJ
H:\研究生\MV BOX JM18.6\JM\LENCOD\DEBUG_WIN32_VC9\LOOP_FILTER_MBAFF.OBJ
H:\研究生\MV BOX JM18.6\JM\LENCOD\DEBUG_WIN32_VC9\LOOP_FILTER_NORMAL.OBJ
H:\研究生\MV BOX JM18.6\JM\LENCOD\DEBUG_WIN32_VC9\LOOPFILTER.OBJ
H:\研究生\MV BOX JM18.6\JM\LENCOD\DEBUG_WIN32_VC9\MACROBLOCK.OBJ
H:\研究生\MV BOX JM18.6\JM\LENCOD\DEBUG_WIN32_VC9\MACROBLOCK_P444.OBJ
H:\研究生\MV BOX JM18.6\JM\LENCOD\DEBUG_WIN32_VC9\MB_ACCESS.OBJ
H:\研究生\MV BOX JM18.6\JM\LENCOD\DEBUG_WIN32_VC9\MBUFFER.OBJ
H:\研究生\MV BOX JM18.6\JM\LENCOD\DEBUG_WIN32_VC9\MBUFFER_COMMON.OBJ
H:\研究生\MV BOX JM18.6\JM\LENCOD\DEBUG_WIN32_VC9\MC_PREDICTION.OBJ
H:\研究生\MV BOX JM18.6\JM\LENCOD\DEBUG_WIN32_VC9\MC_PREDICTION_OTF.OBJ
H:\研究生\MV BOX JM18.6\JM\LENCOD\DEBUG_WIN32_VC9\MD_COMMON.OBJ
H:\研究生\MV BOX JM18.6\JM\LENCOD\DEBUG_WIN32_VC9\MD_DISTORTION.OBJ
H:\研究生\MV BOX JM18.6\JM\LENCOD\DEBUG_WIN32_VC9\MD_HIGH.OBJ
H:\研究生\MV BOX JM18.6\JM\LENCOD\DEBUG_WIN32_VC9\MD_HIGH_UPDATED.OBJ
H:\研究生\MV BOX JM18.6\JM\LENCOD\DEBUG_WIN32_VC9\MD_HIGHFAST.OBJ
H:\研究生\MV BOX JM18.6\JM\LENCOD\DEBUG_WIN32_VC9\MD_HIGHLOSS.OBJ
H:\研究生\MV BOX JM18.6\JM\LENCOD\DEBUG_WIN32_VC9\MD_LOW.OBJ
H:\研究生\MV BOX JM18.6\JM\LENCOD\DEBUG_WIN32_VC9\ME_DISTORTION.OBJ
H:\研究生\MV BOX JM18.6\JM\LENCOD\DEBUG_WIN32_VC9\ME_DISTORTION_OTF.OBJ
H:\研究生\MV BOX JM18.6\JM\LENCOD\DEBUG_WIN32_VC9\ME_EPZS.OBJ
H:\研究生\MV BOX JM18.6\JM\LENCOD\DEBUG_WIN32_VC9\ME_EPZS_COMMON.OBJ
H:\研究生\MV BOX JM18.6\JM\LENCOD\DEBUG_WIN32_VC9\ME_EPZS_INT.OBJ
H:\研究生\MV BOX JM18.6\JM\LENCOD\DEBUG_WIN32_VC9\ME_EPZS_SUB.OBJ
H:\研究生\MV BOX JM18.6\JM\LENCOD\DEBUG_WIN32_VC9\ME_FULLFAST.OBJ
H:\研究生\MV BOX JM18.6\JM\LENCOD\DEBUG_WIN32_VC9\ME_FULLFAST_OTF.OBJ
H:\研究生\MV BOX JM18.6\JM\LENCOD\DEBUG_WIN32_VC9\ME_FULLSEARCH.OBJ
H:\研究生\MV BOX JM18.6\JM\LENCOD\DEBUG_WIN32_VC9\ME_HME.OBJ
H:\研究生\MV BOX JM18.6\JM\LENCOD\DEBUG_WIN32_VC9\ME_UMHEX.OBJ
H:\研究生\MV BOX JM18.6\JM\LENCOD\DEBUG_WIN32_VC9\ME_UMHEXSMP.OBJ
H:\研究生\MV BOX JM18.6\JM\LENCOD\DEBUG_WIN32_VC9\MEMALLOC.OBJ
H:\研究生\MV BOX JM18.6\JM\LENCOD\DEBUG_WIN32_VC9\MMCO.OBJ
H:\研究生\MV BOX JM18.6\JM\LENCOD\DEBUG_WIN32_VC9\MODE_DECISION.OBJ
H:\研究生\MV BOX JM18.6\JM\LENCOD\DEBUG_WIN32_VC9\MODE_DECISION_P8X8.OBJ
H:\研究生\MV BOX JM18.6\JM\LENCOD\DEBUG_WIN32_VC9\MV_DIRECT.OBJ
H:\研究生\MV BOX JM18.6\JM\LENCOD\DEBUG_WIN32_VC9\MV_PREDICTION.OBJ
H:\研究生\MV BOX JM18.6\JM\LENCOD\DEBUG_WIN32_VC9\MV_SEARCH.OBJ
H:\研究生\MV BOX JM18.6\JM\LENCOD\DEBUG_WIN32_VC9\NAL.OBJ
H:\研究生\MV BOX JM18.6\JM\LENCOD\DEBUG_WIN32_VC9\NALU.OBJ
H:\研究生\MV BOX JM18.6\JM\LENCOD\DEBUG_WIN32_VC9\NALUCOMMON.OBJ
H:\研究生\MV BOX JM18.6\JM\LENCOD\DEBUG_WIN32_VC9\OUTPUT.OBJ
H:\研究生\MV BOX JM18.6\JM\LENCOD\DEBUG_WIN32_VC9\PARSET.OBJ
H:\研究生\MV BOX JM18.6\JM\LENCOD\DEBUG_WIN32_VC9\PARSETCOMMON.OBJ
H:\研究生\MV BOX JM18.6\JM\LENCOD\DEBUG_WIN32_VC9\PRED_STRUCT.OBJ
H:\研究生\MV BOX JM18.6\JM\LENCOD\DEBUG_WIN32_VC9\Q_AROUND.OBJ
H:\研究生\MV BOX JM18.6\JM\LENCOD\DEBUG_WIN32_VC9\Q_MATRIX.OBJ
H:\研究生\MV BOX JM18.6\JM\LENCOD\DEBUG_WIN32_VC9\Q_OFFSETS.OBJ
H:\研究生\MV BOX JM18.6\JM\LENCOD\DEBUG_WIN32_VC9\QUANT4X4.OBJ
H:\研究生\MV BOX JM18.6\JM\LENCOD\DEBUG_WIN32_VC9\QUANT4X4_2STEP.OBJ
H:\研究生\MV BOX JM18.6\JM\LENCOD\DEBUG_WIN32_VC9\QUANT4X4_AROUND.OBJ
H:\研究生\MV BOX JM18.6\JM\LENCOD\DEBUG_WIN32_VC9\QUANT4X4_NORMAL.OBJ
H:\研究生\MV BOX JM18.6\JM\LENCOD\DEBUG_WIN32_VC9\QUANT4X4_TRELLIS.OBJ
H:\研究生\MV BOX JM18.6\JM\LENCOD\DEBUG_WIN32_VC9\QUANT8X8.OBJ
H:\研究生\MV BOX JM18.6\JM\LENCOD\DEBUG_WIN32_VC9\QUANT8X8_AROUND.OBJ
H:\研究生\MV BOX JM18.6\JM\LENCOD\DEBUG_WIN32_VC9\QUANT8X8_NORMAL.OBJ
H:\研究生\MV BOX JM18.6\JM\LENCOD\DEBUG_WIN32_VC9\QUANT8X8_TRELLIS.OBJ
H:\研究生\MV BOX JM18.6\JM\LENCOD\DEBUG_WIN32_VC9\QUANTCHROMA.OBJ
H:\研究生\MV BOX JM18.6\JM\LENCOD\DEBUG_WIN32_VC9\QUANTCHROMA_2STEP.OBJ
H:\研究生\MV BOX JM18.6\JM\LENCOD\DEBUG_WIN32_VC9\QUANTCHROMA_AROUND.OBJ
H:\研究生\MV BOX JM18.6\JM\LENCOD\DEBUG_WIN32_VC9\QUANTCHROMA_NORMAL.OBJ
H:\研究生\MV BOX JM18.6\JM\LENCOD\DEBUG_WIN32_VC9\QUANTCHROMA_TRELLIS.OBJ
H:\研究生\MV BOX JM18.6\JM\LENCOD\DEBUG_WIN32_VC9\RATECTL.OBJ
H:\研究生\MV BOX JM18.6\JM\LENCOD\DEBUG_WIN32_VC9\RC_QUADRATIC.OBJ
H:\研究生\MV BOX JM18.6\JM\LENCOD\DEBUG_WIN32_VC9\RD_INTRA_JM.OBJ
H:\研究生\MV BOX JM18.6\JM\LENCOD\DEBUG_WIN32_VC9\RD_INTRA_JM_LOW.OBJ
H:\研究生\MV BOX JM18.6\JM\LENCOD\DEBUG_WIN32_VC9\RD_INTRA_JM444.OBJ
H:\研究生\MV BOX JM18.6\JM\LENCOD\DEBUG_WIN32_VC9\RDOPT.OBJ
H:\研究生\MV BOX JM18.6\JM\LENCOD\DEBUG_WIN32_VC9\RDOPT_CODING_STATE.OBJ
H:\研究生\MV BOX JM18.6\JM\LENCOD\DEBUG_WIN32_VC9\RDOQ.OBJ
H:\研究生\MV BOX JM18.6\JM\LENCOD\DEBUG_WIN32_VC9\RDOQ_CABAC.OBJ
H:\研究生\MV BOX JM18.6\JM\LENCOD\DEBUG_WIN32_VC9\RDOQ_CAVLC.OBJ
H:\研究生\MV BOX JM18.6\JM\LENCOD\DEBUG_WIN32_VC9\RDPICDECISION.OBJ
H:\研究生\MV BOX JM18.6\JM\LENCOD\DEBUG_WIN32_VC9\REPORT.OBJ
H:\研究生\MV BOX JM18.6\JM\LENCOD\DEBUG_WIN32_VC9\RESIZE.OBJ
H:\研究生\MV BOX JM18.6\JM\LENCOD\DEBUG_WIN32_VC9\RTP.OBJ
H:\研究生\MV BOX JM18.6\JM\LENCOD\DEBUG_WIN32_VC9\SEI.OBJ
H:\研究生\MV BOX JM18.6\JM\LENCOD\DEBUG_WIN32_VC9\SLICE.OBJ
H:\研究生\MV BOX JM18.6\JM\LENCOD\DEBUG_WIN32_VC9\SYMBOL.OBJ
H:\研究生\MV BOX JM18.6\JM\LENCOD\DEBUG_WIN32_VC9\TRANSFORM.OBJ
H:\研究生\MV BOX JM18.6\JM\LENCOD\DEBUG_WIN32_VC9\TRANSFORM8X8.OBJ
H:\研究生\MV BOX JM18.6\JM\LENCOD\DEBUG_WIN32_VC9\TRANSFORM8X8_H444.OBJ
H:\研究生\MV BOX JM18.6\JM\LENCOD\DEBUG_WIN32_VC9\VC100.PDB
H:\研究生\MV BOX JM18.6\JM\LENCOD\DEBUG_WIN32_VC9\VLC.OBJ
H:\研究生\MV BOX JM18.6\JM\LENCOD\DEBUG_WIN32_VC9\WEIGHTED_PREDICTION.OBJ
H:\研究生\MV BOX JM18.6\JM\LENCOD\DEBUG_WIN32_VC9\WIN32.OBJ
H:\研究生\MV BOX JM18.6\JM\LENCOD\DEBUG_WIN32_VC9\WP_LMS.OBJ
H:\研究生\MV BOX JM18.6\JM\LENCOD\DEBUG_WIN32_VC9\WP_MCITER.OBJ
H:\研究生\MV BOX JM18.6\JM\LENCOD\DEBUG_WIN32_VC9\WP_MCPREC.OBJ
H:\研究生\MV BOX JM18.6\JM\LENCOD\DEBUG_WIN32_VC9\WP_PERIODIC.OBJ
H:\研究生\MV BOX JM18.6\JM\LENCOD\DEBUG_WIN32_VC9\WP_RANDOM.OBJ
H:\研究生\rec thresh jm18.6\JM\.\bin\lencod.exe
H:\研究生\rec thresh jm18.6\JM\lencod\Debug_Win32_vc10\annexb.sbr
H:\研究生\rec thresh jm18.6\JM\lencod\Debug_Win32_vc10\biariencode.sbr
H:\研究生\rec thresh jm18.6\JM\lencod\Debug_Win32_vc10\blk_prediction.sbr
H:\研究生\rec thresh jm18.6\JM\lencod\Debug_Win32_vc10\block.sbr
H:\研究生\rec thresh jm18.6\JM\lencod\Debug_Win32_vc10\BscMake.command.1.tlog
H:\研究生\rec thresh jm18.6\JM\lencod\Debug_Win32_vc10\bscmake.read.1.tlog
H:\研究生\rec thresh jm18.6\JM\lencod\Debug_Win32_vc10\bscmake.write.1.tlog
H:\研究生\rec thresh jm18.6\JM\lencod\Debug_Win32_vc10\cabac.sbr
H:\研究生\rec thresh jm18.6\JM\lencod\Debug_Win32_vc10\cconv_yuv2rgb.sbr
H:\研究生\rec thresh jm18.6\JM\lencod\Debug_Win32_vc10\cl.command.1.tlog
H:\研究生\rec thresh jm18.6\JM\lencod\Debug_Win32_vc10\CL.read.1.tlog
H:\研究生\rec thresh jm18.6\JM\lencod\Debug_Win32_vc10\CL.write.1.tlog
H:\研究生\rec thresh jm18.6\JM\lencod\Debug_Win32_vc10\config_common.sbr
H:\研究生\rec thresh jm18.6\JM\lencod\Debug_Win32_vc10\configfile.sbr
H:\研究生\rec thresh jm18.6\JM\lencod\Debug_Win32_vc10\conformance.sbr
H:\研究生\rec thresh jm18.6\JM\lencod\Debug_Win32_vc10\context_ini.sbr
H:\研究生\rec thresh jm18.6\JM\lencod\Debug_Win32_vc10\errdo.sbr
H:\研究生\rec thresh jm18.6\JM\lencod\Debug_Win32_vc10\errdo_dist_mhyp.sbr
H:\研究生\rec thresh jm18.6\JM\lencod\Debug_Win32_vc10\explicit_gop.sbr
H:\研究生\rec thresh jm18.6\JM\lencod\Debug_Win32_vc10\explicit_seq.sbr
H:\研究生\rec thresh jm18.6\JM\lencod\Debug_Win32_vc10\filehandle.sbr
H:\研究生\rec thresh jm18.6\JM\lencod\Debug_Win32_vc10\fmo.sbr
H:\研究生\rec thresh jm18.6\JM\lencod\Debug_Win32_vc10\get_block_otf.sbr
H:\研究生\rec thresh jm18.6\JM\lencod\Debug_Win32_vc10\header.sbr
H:\研究生\rec thresh jm18.6\JM\lencod\Debug_Win32_vc10\hme_distortion.sbr
H:\研究生\rec thresh jm18.6\JM\lencod\Debug_Win32_vc10\hme_luma.sbr
H:\研究生\rec thresh jm18.6\JM\lencod\Debug_Win32_vc10\image.sbr
H:\研究生\rec thresh jm18.6\JM\lencod\Debug_Win32_vc10\image_mp.sbr
H:\研究生\rec thresh jm18.6\JM\lencod\Debug_Win32_vc10\img_chroma.sbr
H:\研究生\rec thresh jm18.6\JM\lencod\Debug_Win32_vc10\img_dist_ms_ssim.sbr
H:\研究生\rec thresh jm18.6\JM\lencod\Debug_Win32_vc10\img_dist_snr.sbr
H:\研究生\rec thresh jm18.6\JM\lencod\Debug_Win32_vc10\img_dist_ssim.sbr
H:\研究生\rec thresh jm18.6\JM\lencod\Debug_Win32_vc10\img_distortion.sbr
H:\研究生\rec thresh jm18.6\JM\lencod\Debug_Win32_vc10\img_io.sbr
H:\研究生\rec thresh jm18.6\JM\lencod\Debug_Win32_vc10\img_luma.sbr
H:\研究生\rec thresh jm18.6\JM\lencod\Debug_Win32_vc10\img_process.sbr
H:\研究生\rec thresh jm18.6\JM\lencod\Debug_Win32_vc10\input.sbr
H:\研究生\rec thresh jm18.6\JM\lencod\Debug_Win32_vc10\intra_chroma.sbr
H:\研究生\rec thresh jm18.6\JM\lencod\Debug_Win32_vc10\intra16x16.sbr
H:\研究生\rec thresh jm18.6\JM\lencod\Debug_Win32_vc10\intra4x4.sbr
H:\研究生\rec thresh jm18.6\JM\lencod\Debug_Win32_vc10\intra8x8.sbr
H:\研究生\rec thresh jm18.6\JM\lencod\Debug_Win32_vc10\intrarefresh.sbr
H:\研究生\rec thresh jm18.6\JM\lencod\Debug_Win32_vc10\io_raw.sbr
H:\研究生\rec thresh jm18.6\JM\lencod\Debug_Win32_vc10\io_tiff.sbr
H:\研究生\rec thresh jm18.6\JM\lencod\Debug_Win32_vc10\lambda.sbr
H:\研究生\rec thresh jm18.6\JM\lencod\Debug_Win32_vc10\leaky_bucket.sbr
H:\研究生\rec thresh jm18.6\JM\lencod\Debug_Win32_vc10\lencod.exe.embed.manifest
H:\研究生\rec thresh jm18.6\JM\lencod\Debug_Win32_vc10\lencod.exe.embed.manifest.res
H:\研究生\rec thresh jm18.6\JM\lencod\Debug_Win32_vc10\lencod.exe.intermediate.manifest
H:\研究生\rec thresh jm18.6\JM\lencod\Debug_Win32_vc10\lencod.sbr
H:\研究生\rec thresh jm18.6\JM\lencod\Debug_Win32_vc10\lencod_manifest.rc
H:\研究生\rec thresh jm18.6\JM\lencod\Debug_Win32_vc10\link.4544.read.1.tlog
H:\研究生\rec thresh jm18.6\JM\lencod\Debug_Win32_vc10\link.4544.write.1.tlog
H:\研究生\rec thresh jm18.6\JM\lencod\Debug_Win32_vc10\link.4544-cvtres.read.1.tlog
H:\研究生\rec thresh jm18.6\JM\lencod\Debug_Win32_vc10\link.4544-cvtres.write.1.tlog
H:\研究生\rec thresh jm18.6\JM\lencod\Debug_Win32_vc10\link.command.1.tlog
H:\研究生\rec thresh jm18.6\JM\lencod\Debug_Win32_vc10\link.read.1.tlog
H:\研究生\rec thresh jm18.6\JM\lencod\Debug_Win32_vc10\link.write.1.tlog
H:\研究生\rec thresh jm18.6\JM\lencod\Debug_Win32_vc10\link-cvtres.read.1.tlog
H:\研究生\rec thresh jm18.6\JM\lencod\Debug_Win32_vc10\link-cvtres.write.1.tlog
H:\研究生\rec thresh jm18.6\JM\lencod\Debug_Win32_vc10\list_reorder.sbr
H:\研究生\rec thresh jm18.6\JM\lencod\Debug_Win32_vc10\lln_mc_prediction.sbr
H:\研究生\rec thresh jm18.6\JM\lencod\Debug_Win32_vc10\loop_filter_mbaff.sbr
H:\研究生\rec thresh jm18.6\JM\lencod\Debug_Win32_vc10\loop_filter_normal.sbr
H:\研究生\rec thresh jm18.6\JM\lencod\Debug_Win32_vc10\loopFilter.sbr
H:\研究生\rec thresh jm18.6\JM\lencod\Debug_Win32_vc10\macroblock.sbr
H:\研究生\rec thresh jm18.6\JM\lencod\Debug_Win32_vc10\macroblock_P444.sbr
H:\研究生\rec thresh jm18.6\JM\lencod\Debug_Win32_vc10\mb_access.sbr
H:\研究生\rec thresh jm18.6\JM\lencod\Debug_Win32_vc10\mbuffer.sbr
H:\研究生\rec thresh jm18.6\JM\lencod\Debug_Win32_vc10\mbuffer_common.sbr
H:\研究生\rec thresh jm18.6\JM\lencod\Debug_Win32_vc10\mc_prediction.sbr
H:\研究生\rec thresh jm18.6\JM\lencod\Debug_Win32_vc10\mc_prediction_otf.sbr
H:\研究生\rec thresh jm18.6\JM\lencod\Debug_Win32_vc10\md_common.sbr
H:\研究生\rec thresh jm18.6\JM\lencod\Debug_Win32_vc10\md_distortion.sbr
H:\研究生\rec thresh jm18.6\JM\lencod\Debug_Win32_vc10\md_high.sbr
H:\研究生\rec thresh jm18.6\JM\lencod\Debug_Win32_vc10\md_high_updated.sbr
H:\研究生\rec thresh jm18.6\JM\lencod\Debug_Win32_vc10\md_highfast.sbr
H:\研究生\rec thresh jm18.6\JM\lencod\Debug_Win32_vc10\md_highloss.sbr
H:\研究生\rec thresh jm18.6\JM\lencod\Debug_Win32_vc10\md_low.sbr
H:\研究生\rec thresh jm18.6\JM\lencod\Debug_Win32_vc10\me_distortion.sbr
H:\研究生\rec thresh jm18.6\JM\lencod\Debug_Win32_vc10\me_distortion_otf.sbr
H:\研究生\rec thresh jm18.6\JM\lencod\Debug_Win32_vc10\me_epzs.sbr
H:\研究生\rec thresh jm18.6\JM\lencod\Debug_Win32_vc10\me_epzs_common.sbr
H:\研究生\rec thresh jm18.6\JM\lencod\Debug_Win32_vc10\me_epzs_int.sbr
H:\研究生\rec thresh jm18.6\JM\lencod\Debug_Win32_vc10\me_epzs_sub.sbr
H:\研究生\rec thresh jm18.6\JM\lencod\Debug_Win32_vc10\me_fullfast.sbr
H:\研究生\rec thresh jm18.6\JM\lencod\Debug_Win32_vc10\me_fullfast_otf.sbr
H:\研究生\rec thresh jm18.6\JM\lencod\Debug_Win32_vc10\me_fullsearch.sbr
H:\研究生\rec thresh jm18.6\JM\lencod\Debug_Win32_vc10\me_hme.sbr
H:\研究生\rec thresh jm18.6\JM\lencod\Debug_Win32_vc10\me_umhex.sbr
H:\研究生\rec thresh jm18.6\JM\lencod\Debug_Win32_vc10\me_umhexsmp.sbr
H:\研究生\rec thresh jm18.6\JM\lencod\Debug_Win32_vc10\memalloc.sbr
H:\研究生\rec thresh jm18.6\JM\lencod\Debug_Win32_vc10\mmco.sbr
H:\研究生\rec thresh jm18.6\JM\lencod\Debug_Win32_vc10\mode_decision.sbr
H:\研究生\rec thresh jm18.6\JM\lencod\Debug_Win32_vc10\mode_decision_P8x8.sbr
H:\研究生\rec thresh jm18.6\JM\lencod\Debug_Win32_vc10\mt.command.1.tlog
H:\研究生\rec thresh jm18.6\JM\lencod\Debug_Win32_vc10\mt.read.1.tlog
H:\研究生\rec thresh jm18.6\JM\lencod\Debug_Win32_vc10\mt.write.1.tlog
H:\研究生\rec thresh jm18.6\JM\lencod\Debug_Win32_vc10\mv_direct.sbr
H:\研究生\rec thresh jm18.6\JM\lencod\Debug_Win32_vc10\mv_prediction.sbr
H:\研究生\rec thresh jm18.6\JM\lencod\Debug_Win32_vc10\mv_search.sbr
H:\研究生\rec thresh jm18.6\JM\lencod\Debug_Win32_vc10\nal.sbr
H:\研究生\rec thresh jm18.6\JM\lencod\Debug_Win32_vc10\nalu.sbr
H:\研究生\rec thresh jm18.6\JM\lencod\Debug_Win32_vc10\nalucommon.sbr
H:\研究生\rec thresh jm18.6\JM\lencod\Debug_Win32_vc10\output.sbr
H:\研究生\rec thresh jm18.6\JM\lencod\Debug_Win32_vc10\parset.sbr
H:\研究生\rec thresh jm18.6\JM\lencod\Debug_Win32_vc10\parsetcommon.sbr
H:\研究生\rec thresh jm18.6\JM\lencod\Debug_Win32_vc10\pred_struct.sbr
H:\研究生\rec thresh jm18.6\JM\lencod\Debug_Win32_vc10\q_around.sbr
H:\研究生\rec thresh jm18.6\JM\lencod\Debug_Win32_vc10\q_matrix.sbr
H:\研究生\rec thresh jm18.6\JM\lencod\Debug_Win32_vc10\q_offsets.sbr
H:\研究生\rec thresh jm18.6\JM\lencod\Debug_Win32_vc10\quant4x4.sbr
H:\研究生\rec thresh jm18.6\JM\lencod\Debug_Win32_vc10\quant4x4_2step.sbr
H:\研究生\rec thresh jm18.6\JM\lencod\Debug_Win32_vc10\quant4x4_around.sbr
H:\研究生\rec thresh jm18.6\JM\lencod\Debug_Win32_vc10\quant4x4_normal.sbr
H:\研究生\rec thresh jm18.6\JM\lencod\Debug_Win32_vc10\quant4x4_trellis.sbr
H:\研究生\rec thresh jm18.6\JM\lencod\Debug_Win32_vc10\quant8x8.sbr
H:\研究生\rec thresh jm18.6\JM\lencod\Debug_Win32_vc10\quant8x8_around.sbr
H:\研究生\rec thresh jm18.6\JM\lencod\Debug_Win32_vc10\quant8x8_normal.sbr
H:\研究生\rec thresh jm18.6\JM\lencod\Debug_Win32_vc10\quant8x8_trellis.sbr
H:\研究生\rec thresh jm18.6\JM\lencod\Debug_Win32_vc10\quantChroma.sbr
H:\研究生\rec thresh jm18.6\JM\lencod\Debug_Win32_vc10\quantChroma_2step.sbr
H:\研究生\rec thresh jm18.6\JM\lencod\Debug_Win32_vc10\quantChroma_around.sbr
H:\研究生\rec thresh jm18.6\JM\lencod\Debug_Win32_vc10\quantChroma_normal.sbr
H:\研究生\rec thresh jm18.6\JM\lencod\Debug_Win32_vc10\quantChroma_trellis.sbr
H:\研究生\rec thresh jm18.6\JM\lencod\Debug_Win32_vc10\ratectl.sbr
H:\研究生\rec thresh jm18.6\JM\lencod\Debug_Win32_vc10\rc.command.1.tlog
H:\研究生\rec thresh jm18.6\JM\lencod\Debug_Win32_vc10\rc.read.1.tlog
H:\研究生\rec thresh jm18.6\JM\lencod\Debug_Win32_vc10\rc.write.1.tlog
H:\研究生\rec thresh jm18.6\JM\lencod\Debug_Win32_vc10\rc_quadratic.sbr
H:\研究生\rec thresh jm18.6\JM\lencod\Debug_Win32_vc10\rd_intra_jm.sbr
H:\研究生\rec thresh jm18.6\JM\lencod\Debug_Win32_vc10\rd_intra_jm_low.sbr
H:\研究生\rec thresh jm18.6\JM\lencod\Debug_Win32_vc10\rd_intra_jm444.sbr
H:\研究生\rec thresh jm18.6\JM\lencod\Debug_Win32_vc10\rdopt.sbr
H:\研究生\rec thresh jm18.6\JM\lencod\Debug_Win32_vc10\rdopt_coding_state.sbr
H:\研究生\rec thresh jm18.6\JM\lencod\Debug_Win32_vc10\rdoq.sbr
H:\研究生\rec thresh jm18.6\JM\lencod\Debug_Win32_vc10\rdoq_cabac.sbr
H:\研究生\rec thresh jm18.6\JM\lencod\Debug_Win32_vc10\rdoq_cavlc.sbr
H:\研究生\rec thresh jm18.6\JM\lencod\Debug_Win32_vc10\rdpicdecision.sbr
H:\研究生\rec thresh jm18.6\JM\lencod\Debug_Win32_vc10\report.sbr
H:\研究生\rec thresh jm18.6\JM\lencod\Debug_Win32_vc10\resize.sbr
H:\研究生\rec thresh jm18.6\JM\lencod\Debug_Win32_vc10\rtp.sbr
H:\研究生\rec thresh jm18.6\JM\lencod\Debug_Win32_vc10\sei.sbr
H:\研究生\rec thresh jm18.6\JM\lencod\Debug_Win32_vc10\slice.sbr
H:\研究生\rec thresh jm18.6\JM\lencod\Debug_Win32_vc10\symbol.sbr
H:\研究生\rec thresh jm18.6\JM\lencod\Debug_Win32_vc10\transform.sbr
H:\研究生\rec thresh jm18.6\JM\lencod\Debug_Win32_vc10\transform8x8.sbr
H:\研究生\rec thresh jm18.6\JM\lencod\Debug_Win32_vc10\transform8x8_H444.sbr
H:\研究生\rec thresh jm18.6\JM\lencod\Debug_Win32_vc10\vlc.sbr
H:\研究生\rec thresh jm18.6\JM\lencod\Debug_Win32_vc10\weighted_prediction.sbr
H:\研究生\rec thresh jm18.6\JM\lencod\Debug_Win32_vc10\win32.sbr
H:\研究生\rec thresh jm18.6\JM\lencod\Debug_Win32_vc10\wp_lms.sbr
H:\研究生\rec thresh jm18.6\JM\lencod\Debug_Win32_vc10\wp_mciter.sbr
H:\研究生\rec thresh jm18.6\JM\lencod\Debug_Win32_vc10\wp_mcprec.sbr
H:\研究生\rec thresh jm18.6\JM\lencod\Debug_Win32_vc10\wp_periodic.sbr
H:\研究生\rec thresh jm18.6\JM\lencod\Debug_Win32_vc10\wp_random.sbr
