.\bin\ldecod.bsc
.\bin\ldecod.pdb
H:\研究生\MV BOX JM18.6\JM\BIN\LDECOD.BSC
H:\研究生\MV BOX JM18.6\JM\BIN\LDECOD.EXE
H:\研究生\MV BOX JM18.6\JM\BIN\LDECOD.ILK
H:\研究生\MV BOX JM18.6\JM\LDECOD\DEBUG_WIN32_VC10\
H:\研究生\MV BOX JM18.6\JM\LDECOD\DEBUG_WIN32_VC10\ANNEXB.OBJ
H:\研究生\MV BOX JM18.6\JM\LDECOD\DEBUG_WIN32_VC10\BIARIDECOD.OBJ
H:\研究生\MV BOX JM18.6\JM\LDECOD\DEBUG_WIN32_VC10\BLK_PREDICTION.OBJ
H:\研究生\MV BOX JM18.6\JM\LDECOD\DEBUG_WIN32_VC10\BLK_PREDICTION.SBR
H:\研究生\MV BOX JM18.6\JM\LDECOD\DEBUG_WIN32_VC10\BLOCK.OBJ
H:\研究生\MV BOX JM18.6\JM\LDECOD\DEBUG_WIN32_VC10\BLOCK.SBR
H:\研究生\MV BOX JM18.6\JM\LDECOD\DEBUG_WIN32_VC10\CABAC.OBJ
H:\研究生\MV BOX JM18.6\JM\LDECOD\DEBUG_WIN32_VC10\CABAC.SBR
H:\研究生\MV BOX JM18.6\JM\LDECOD\DEBUG_WIN32_VC10\CONFIG_COMMON.OBJ
H:\研究生\MV BOX JM18.6\JM\LDECOD\DEBUG_WIN32_VC10\CONFIGFILE.OBJ
H:\研究生\MV BOX JM18.6\JM\LDECOD\DEBUG_WIN32_VC10\CONTEXT_INI.OBJ
H:\研究生\MV BOX JM18.6\JM\LDECOD\DEBUG_WIN32_VC10\DEC_STATISTICS.OBJ
H:\研究生\MV BOX JM18.6\JM\LDECOD\DEBUG_WIN32_VC10\DECODER_TEST.OBJ
H:\研究生\MV BOX JM18.6\JM\LDECOD\DEBUG_WIN32_VC10\ERC_API.OBJ
H:\研究生\MV BOX JM18.6\JM\LDECOD\DEBUG_WIN32_VC10\ERC_DO_I.OBJ
H:\研究生\MV BOX JM18.6\JM\LDECOD\DEBUG_WIN32_VC10\ERC_DO_P.OBJ
H:\研究生\MV BOX JM18.6\JM\LDECOD\DEBUG_WIN32_VC10\ERC_DO_P.SBR
H:\研究生\MV BOX JM18.6\JM\LDECOD\DEBUG_WIN32_VC10\ERRORCONCEALMENT.OBJ
H:\研究生\MV BOX JM18.6\JM\LDECOD\DEBUG_WIN32_VC10\FILEHANDLE.OBJ
H:\研究生\MV BOX JM18.6\JM\LDECOD\DEBUG_WIN32_VC10\FMO.OBJ
H:\研究生\MV BOX JM18.6\JM\LDECOD\DEBUG_WIN32_VC10\HEADER.OBJ
H:\研究生\MV BOX JM18.6\JM\LDECOD\DEBUG_WIN32_VC10\IMAGE.OBJ
H:\研究生\MV BOX JM18.6\JM\LDECOD\DEBUG_WIN32_VC10\IMAGE.SBR
H:\研究生\MV BOX JM18.6\JM\LDECOD\DEBUG_WIN32_VC10\IMG_IO.OBJ
H:\研究生\MV BOX JM18.6\JM\LDECOD\DEBUG_WIN32_VC10\IMG_PROCESS.OBJ
H:\研究生\MV BOX JM18.6\JM\LDECOD\DEBUG_WIN32_VC10\INPUT.OBJ
H:\研究生\MV BOX JM18.6\JM\LDECOD\DEBUG_WIN32_VC10\INTRA_CHROMA_PRED.OBJ
H:\研究生\MV BOX JM18.6\JM\LDECOD\DEBUG_WIN32_VC10\INTRA_CHROMA_PRED.SBR
H:\研究生\MV BOX JM18.6\JM\LDECOD\DEBUG_WIN32_VC10\INTRA_CHROMA_PRED_MBAFF.OBJ
H:\研究生\MV BOX JM18.6\JM\LDECOD\DEBUG_WIN32_VC10\INTRA_CHROMA_PRED_MBAFF.SBR
H:\研究生\MV BOX JM18.6\JM\LDECOD\DEBUG_WIN32_VC10\INTRA_PRED_COMMON.OBJ
H:\研究生\MV BOX JM18.6\JM\LDECOD\DEBUG_WIN32_VC10\INTRA_PRED_COMMON.SBR
H:\研究生\MV BOX JM18.6\JM\LDECOD\DEBUG_WIN32_VC10\INTRA16X16_PRED.OBJ
H:\研究生\MV BOX JM18.6\JM\LDECOD\DEBUG_WIN32_VC10\INTRA16X16_PRED.SBR
H:\研究生\MV BOX JM18.6\JM\LDECOD\DEBUG_WIN32_VC10\INTRA16X16_PRED_MBAFF.OBJ
H:\研究生\MV BOX JM18.6\JM\LDECOD\DEBUG_WIN32_VC10\INTRA16X16_PRED_MBAFF.SBR
H:\研究生\MV BOX JM18.6\JM\LDECOD\DEBUG_WIN32_VC10\INTRA16X16_PRED_NORMAL.OBJ
H:\研究生\MV BOX JM18.6\JM\LDECOD\DEBUG_WIN32_VC10\INTRA16X16_PRED_NORMAL.SBR
H:\研究生\MV BOX JM18.6\JM\LDECOD\DEBUG_WIN32_VC10\INTRA4X4_PRED.OBJ
H:\研究生\MV BOX JM18.6\JM\LDECOD\DEBUG_WIN32_VC10\INTRA4X4_PRED.SBR
H:\研究生\MV BOX JM18.6\JM\LDECOD\DEBUG_WIN32_VC10\INTRA4X4_PRED_MBAFF.OBJ
H:\研究生\MV BOX JM18.6\JM\LDECOD\DEBUG_WIN32_VC10\INTRA4X4_PRED_MBAFF.SBR
H:\研究生\MV BOX JM18.6\JM\LDECOD\DEBUG_WIN32_VC10\INTRA4X4_PRED_NORMAL.OBJ
H:\研究生\MV BOX JM18.6\JM\LDECOD\DEBUG_WIN32_VC10\INTRA4X4_PRED_NORMAL.SBR
H:\研究生\MV BOX JM18.6\JM\LDECOD\DEBUG_WIN32_VC10\INTRA8X8_PRED.OBJ
H:\研究生\MV BOX JM18.6\JM\LDECOD\DEBUG_WIN32_VC10\INTRA8X8_PRED.SBR
H:\研究生\MV BOX JM18.6\JM\LDECOD\DEBUG_WIN32_VC10\INTRA8X8_PRED_MBAFF.OBJ
H:\研究生\MV BOX JM18.6\JM\LDECOD\DEBUG_WIN32_VC10\INTRA8X8_PRED_MBAFF.SBR
H:\研究生\MV BOX JM18.6\JM\LDECOD\DEBUG_WIN32_VC10\INTRA8X8_PRED_NORMAL.OBJ
H:\研究生\MV BOX JM18.6\JM\LDECOD\DEBUG_WIN32_VC10\INTRA8X8_PRED_NORMAL.SBR
H:\研究生\MV BOX JM18.6\JM\LDECOD\DEBUG_WIN32_VC10\IO_RAW.OBJ
H:\研究生\MV BOX JM18.6\JM\LDECOD\DEBUG_WIN32_VC10\IO_TIFF.OBJ
H:\研究生\MV BOX JM18.6\JM\LDECOD\DEBUG_WIN32_VC10\LDECOD.EXE.EMBED.MANIFEST
H:\研究生\MV BOX JM18.6\JM\LDECOD\DEBUG_WIN32_VC10\LDECOD.EXE.EMBED.MANIFEST.RES
H:\研究生\MV BOX JM18.6\JM\LDECOD\DEBUG_WIN32_VC10\LDECOD.EXE.INTERMEDIATE.MANIFEST
H:\研究生\MV BOX JM18.6\JM\LDECOD\DEBUG_WIN32_VC10\LDECOD.OBJ
H:\研究生\MV BOX JM18.6\JM\LDECOD\DEBUG_WIN32_VC10\LDECOD.PDB
H:\研究生\MV BOX JM18.6\JM\LDECOD\DEBUG_WIN32_VC10\LDECOD.SBR
H:\研究生\MV BOX JM18.6\JM\LDECOD\DEBUG_WIN32_VC10\LEAKY_BUCKET.OBJ
H:\研究生\MV BOX JM18.6\JM\LDECOD\DEBUG_WIN32_VC10\LOOP_FILTER_MBAFF.OBJ
H:\研究生\MV BOX JM18.6\JM\LDECOD\DEBUG_WIN32_VC10\LOOP_FILTER_MBAFF.SBR
H:\研究生\MV BOX JM18.6\JM\LDECOD\DEBUG_WIN32_VC10\LOOP_FILTER_NORMAL.OBJ
H:\研究生\MV BOX JM18.6\JM\LDECOD\DEBUG_WIN32_VC10\LOOP_FILTER_NORMAL.SBR
H:\研究生\MV BOX JM18.6\JM\LDECOD\DEBUG_WIN32_VC10\LOOPFILTER.OBJ
H:\研究生\MV BOX JM18.6\JM\LDECOD\DEBUG_WIN32_VC10\LOOPFILTER.SBR
H:\研究生\MV BOX JM18.6\JM\LDECOD\DEBUG_WIN32_VC10\MACROBLOCK.OBJ
H:\研究生\MV BOX JM18.6\JM\LDECOD\DEBUG_WIN32_VC10\MACROBLOCK.SBR
H:\研究生\MV BOX JM18.6\JM\LDECOD\DEBUG_WIN32_VC10\MB_ACCESS.OBJ
H:\研究生\MV BOX JM18.6\JM\LDECOD\DEBUG_WIN32_VC10\MB_PREDICTION.OBJ
H:\研究生\MV BOX JM18.6\JM\LDECOD\DEBUG_WIN32_VC10\MB_PREDICTION.SBR
H:\研究生\MV BOX JM18.6\JM\LDECOD\DEBUG_WIN32_VC10\MB_READ.OBJ
H:\研究生\MV BOX JM18.6\JM\LDECOD\DEBUG_WIN32_VC10\MB_READ.SBR
H:\研究生\MV BOX JM18.6\JM\LDECOD\DEBUG_WIN32_VC10\MBUFFER.OBJ
H:\研究生\MV BOX JM18.6\JM\LDECOD\DEBUG_WIN32_VC10\MBUFFER.SBR
H:\研究生\MV BOX JM18.6\JM\LDECOD\DEBUG_WIN32_VC10\MBUFFER_COMMON.OBJ
H:\研究生\MV BOX JM18.6\JM\LDECOD\DEBUG_WIN32_VC10\MBUFFER_COMMON.SBR
H:\研究生\MV BOX JM18.6\JM\LDECOD\DEBUG_WIN32_VC10\MBUFFER_MVC.OBJ
H:\研究生\MV BOX JM18.6\JM\LDECOD\DEBUG_WIN32_VC10\MBUFFER_MVC.SBR
H:\研究生\MV BOX JM18.6\JM\LDECOD\DEBUG_WIN32_VC10\MC_DIRECT.OBJ
H:\研究生\MV BOX JM18.6\JM\LDECOD\DEBUG_WIN32_VC10\MC_PREDICTION.OBJ
H:\研究生\MV BOX JM18.6\JM\LDECOD\DEBUG_WIN32_VC10\MEMALLOC.OBJ
H:\研究生\MV BOX JM18.6\JM\LDECOD\DEBUG_WIN32_VC10\MV_PREDICTION.OBJ
H:\研究生\MV BOX JM18.6\JM\LDECOD\DEBUG_WIN32_VC10\NAL.OBJ
H:\研究生\MV BOX JM18.6\JM\LDECOD\DEBUG_WIN32_VC10\NALU.OBJ
H:\研究生\MV BOX JM18.6\JM\LDECOD\DEBUG_WIN32_VC10\NALUCOMMON.OBJ
H:\研究生\MV BOX JM18.6\JM\LDECOD\DEBUG_WIN32_VC10\OUTPUT.OBJ
H:\研究生\MV BOX JM18.6\JM\LDECOD\DEBUG_WIN32_VC10\OUTPUT.SBR
H:\研究生\MV BOX JM18.6\JM\LDECOD\DEBUG_WIN32_VC10\PARSET.OBJ
H:\研究生\MV BOX JM18.6\JM\LDECOD\DEBUG_WIN32_VC10\PARSET.SBR
H:\研究生\MV BOX JM18.6\JM\LDECOD\DEBUG_WIN32_VC10\PARSETCOMMON.OBJ
H:\研究生\MV BOX JM18.6\JM\LDECOD\DEBUG_WIN32_VC10\QUANT.OBJ
H:\研究生\MV BOX JM18.6\JM\LDECOD\DEBUG_WIN32_VC10\QUANT.SBR
H:\研究生\MV BOX JM18.6\JM\LDECOD\DEBUG_WIN32_VC10\READ_COMP_CABAC.OBJ
H:\研究生\MV BOX JM18.6\JM\LDECOD\DEBUG_WIN32_VC10\READ_COMP_CAVLC.OBJ
H:\研究生\MV BOX JM18.6\JM\LDECOD\DEBUG_WIN32_VC10\RTP.OBJ
H:\研究生\MV BOX JM18.6\JM\LDECOD\DEBUG_WIN32_VC10\SEI.OBJ
H:\研究生\MV BOX JM18.6\JM\LDECOD\DEBUG_WIN32_VC10\TRANSFORM.OBJ
H:\研究生\MV BOX JM18.6\JM\LDECOD\DEBUG_WIN32_VC10\TRANSFORM8X8.OBJ
H:\研究生\MV BOX JM18.6\JM\LDECOD\DEBUG_WIN32_VC10\TRANSFORM8X8.SBR
H:\研究生\MV BOX JM18.6\JM\LDECOD\DEBUG_WIN32_VC10\VC100.PDB
H:\研究生\MV BOX JM18.6\JM\LDECOD\DEBUG_WIN32_VC10\VLC.OBJ
H:\研究生\MV BOX JM18.6\JM\LDECOD\DEBUG_WIN32_VC10\WIN32.OBJ
H:\研究生\REC THRESH JM18.6\JM\BIN\LDECOD.BSC
H:\研究生\REC THRESH JM18.6\JM\LDECOD\DEBUG_WIN32_VC10\ANNEXB.OBJ
H:\研究生\REC THRESH JM18.6\JM\LDECOD\DEBUG_WIN32_VC10\ANNEXB.SBR
H:\研究生\REC THRESH JM18.6\JM\LDECOD\DEBUG_WIN32_VC10\BIARIDECOD.OBJ
H:\研究生\REC THRESH JM18.6\JM\LDECOD\DEBUG_WIN32_VC10\BIARIDECOD.SBR
H:\研究生\REC THRESH JM18.6\JM\LDECOD\DEBUG_WIN32_VC10\BLK_PREDICTION.OBJ
H:\研究生\REC THRESH JM18.6\JM\LDECOD\DEBUG_WIN32_VC10\BLK_PREDICTION.SBR
H:\研究生\REC THRESH JM18.6\JM\LDECOD\DEBUG_WIN32_VC10\BLOCK.OBJ
H:\研究生\REC THRESH JM18.6\JM\LDECOD\DEBUG_WIN32_VC10\BLOCK.SBR
H:\研究生\rec thresh jm18.6\JM\ldecod\Debug_Win32_vc10\BscMake.command.1.tlog
H:\研究生\rec thresh jm18.6\JM\ldecod\Debug_Win32_vc10\bscmake.read.1.tlog
H:\研究生\rec thresh jm18.6\JM\ldecod\Debug_Win32_vc10\bscmake.write.1.tlog
H:\研究生\REC THRESH JM18.6\JM\LDECOD\DEBUG_WIN32_VC10\CABAC.OBJ
H:\研究生\REC THRESH JM18.6\JM\LDECOD\DEBUG_WIN32_VC10\CABAC.SBR
H:\研究生\rec thresh jm18.6\JM\ldecod\Debug_Win32_vc10\CL.1052.read.1.tlog
H:\研究生\rec thresh jm18.6\JM\ldecod\Debug_Win32_vc10\CL.1052.write.1.tlog
H:\研究生\rec thresh jm18.6\JM\ldecod\Debug_Win32_vc10\CL.1252.read.1.tlog
H:\研究生\rec thresh jm18.6\JM\ldecod\Debug_Win32_vc10\CL.1252.write.1.tlog
H:\研究生\rec thresh jm18.6\JM\ldecod\Debug_Win32_vc10\CL.1656.read.1.tlog
H:\研究生\rec thresh jm18.6\JM\ldecod\Debug_Win32_vc10\CL.1656.write.1.tlog
H:\研究生\rec thresh jm18.6\JM\ldecod\Debug_Win32_vc10\CL.1976.read.1.tlog
H:\研究生\rec thresh jm18.6\JM\ldecod\Debug_Win32_vc10\CL.1976.write.1.tlog
H:\研究生\rec thresh jm18.6\JM\ldecod\Debug_Win32_vc10\CL.2344.read.1.tlog
H:\研究生\rec thresh jm18.6\JM\ldecod\Debug_Win32_vc10\CL.2344.write.1.tlog
H:\研究生\rec thresh jm18.6\JM\ldecod\Debug_Win32_vc10\CL.3376.read.1.tlog
H:\研究生\rec thresh jm18.6\JM\ldecod\Debug_Win32_vc10\CL.3376.write.1.tlog
H:\研究生\rec thresh jm18.6\JM\ldecod\Debug_Win32_vc10\CL.3504.read.1.tlog
H:\研究生\rec thresh jm18.6\JM\ldecod\Debug_Win32_vc10\CL.3504.write.1.tlog
H:\研究生\rec thresh jm18.6\JM\ldecod\Debug_Win32_vc10\CL.376.read.1.tlog
H:\研究生\rec thresh jm18.6\JM\ldecod\Debug_Win32_vc10\CL.376.write.1.tlog
H:\研究生\rec thresh jm18.6\JM\ldecod\Debug_Win32_vc10\CL.4288.read.1.tlog
H:\研究生\rec thresh jm18.6\JM\ldecod\Debug_Win32_vc10\CL.4288.write.1.tlog
H:\研究生\rec thresh jm18.6\JM\ldecod\Debug_Win32_vc10\CL.4352.read.1.tlog
H:\研究生\rec thresh jm18.6\JM\ldecod\Debug_Win32_vc10\CL.4352.write.1.tlog
H:\研究生\rec thresh jm18.6\JM\ldecod\Debug_Win32_vc10\CL.440.read.1.tlog
H:\研究生\rec thresh jm18.6\JM\ldecod\Debug_Win32_vc10\CL.440.write.1.tlog
H:\研究生\rec thresh jm18.6\JM\ldecod\Debug_Win32_vc10\CL.4660.read.1.tlog
H:\研究生\rec thresh jm18.6\JM\ldecod\Debug_Win32_vc10\CL.4660.write.1.tlog
H:\研究生\rec thresh jm18.6\JM\ldecod\Debug_Win32_vc10\CL.4808.read.1.tlog
H:\研究生\rec thresh jm18.6\JM\ldecod\Debug_Win32_vc10\CL.4808.write.1.tlog
H:\研究生\rec thresh jm18.6\JM\ldecod\Debug_Win32_vc10\CL.4932.read.1.tlog
H:\研究生\rec thresh jm18.6\JM\ldecod\Debug_Win32_vc10\CL.4932.write.1.tlog
H:\研究生\rec thresh jm18.6\JM\ldecod\Debug_Win32_vc10\CL.5072.read.1.tlog
H:\研究生\rec thresh jm18.6\JM\ldecod\Debug_Win32_vc10\CL.5072.write.1.tlog
H:\研究生\rec thresh jm18.6\JM\ldecod\Debug_Win32_vc10\CL.5080.read.1.tlog
H:\研究生\rec thresh jm18.6\JM\ldecod\Debug_Win32_vc10\CL.5080.write.1.tlog
H:\研究生\rec thresh jm18.6\JM\ldecod\Debug_Win32_vc10\CL.5892.read.1.tlog
H:\研究生\rec thresh jm18.6\JM\ldecod\Debug_Win32_vc10\CL.5892.write.1.tlog
H:\研究生\rec thresh jm18.6\JM\ldecod\Debug_Win32_vc10\CL.5956.read.1.tlog
H:\研究生\rec thresh jm18.6\JM\ldecod\Debug_Win32_vc10\CL.5956.write.1.tlog
H:\研究生\rec thresh jm18.6\JM\ldecod\Debug_Win32_vc10\CL.6112.read.1.tlog
H:\研究生\rec thresh jm18.6\JM\ldecod\Debug_Win32_vc10\CL.6112.write.1.tlog
H:\研究生\rec thresh jm18.6\JM\ldecod\Debug_Win32_vc10\CL.792.read.1.tlog
H:\研究生\rec thresh jm18.6\JM\ldecod\Debug_Win32_vc10\CL.792.write.1.tlog
H:\研究生\rec thresh jm18.6\JM\ldecod\Debug_Win32_vc10\cl.command.1.tlog
H:\研究生\rec thresh jm18.6\JM\ldecod\Debug_Win32_vc10\CL.read.1.tlog
H:\研究生\rec thresh jm18.6\JM\ldecod\Debug_Win32_vc10\cl.write.1.tlog
H:\研究生\REC THRESH JM18.6\JM\LDECOD\DEBUG_WIN32_VC10\CONFIG_COMMON.OBJ
H:\研究生\REC THRESH JM18.6\JM\LDECOD\DEBUG_WIN32_VC10\CONFIG_COMMON.SBR
H:\研究生\REC THRESH JM18.6\JM\LDECOD\DEBUG_WIN32_VC10\CONFIGFILE.OBJ
H:\研究生\REC THRESH JM18.6\JM\LDECOD\DEBUG_WIN32_VC10\CONFIGFILE.SBR
H:\研究生\REC THRESH JM18.6\JM\LDECOD\DEBUG_WIN32_VC10\CONTEXT_INI.OBJ
H:\研究生\REC THRESH JM18.6\JM\LDECOD\DEBUG_WIN32_VC10\CONTEXT_INI.SBR
H:\研究生\REC THRESH JM18.6\JM\LDECOD\DEBUG_WIN32_VC10\DEC_STATISTICS.OBJ
H:\研究生\REC THRESH JM18.6\JM\LDECOD\DEBUG_WIN32_VC10\DEC_STATISTICS.SBR
H:\研究生\REC THRESH JM18.6\JM\LDECOD\DEBUG_WIN32_VC10\DECODER_TEST.OBJ
H:\研究生\REC THRESH JM18.6\JM\LDECOD\DEBUG_WIN32_VC10\DECODER_TEST.SBR
H:\研究生\REC THRESH JM18.6\JM\LDECOD\DEBUG_WIN32_VC10\ERC_API.OBJ
H:\研究生\REC THRESH JM18.6\JM\LDECOD\DEBUG_WIN32_VC10\ERC_API.SBR
H:\研究生\REC THRESH JM18.6\JM\LDECOD\DEBUG_WIN32_VC10\ERC_DO_I.OBJ
H:\研究生\REC THRESH JM18.6\JM\LDECOD\DEBUG_WIN32_VC10\ERC_DO_I.SBR
H:\研究生\REC THRESH JM18.6\JM\LDECOD\DEBUG_WIN32_VC10\ERC_DO_P.OBJ
H:\研究生\REC THRESH JM18.6\JM\LDECOD\DEBUG_WIN32_VC10\ERC_DO_P.SBR
H:\研究生\REC THRESH JM18.6\JM\LDECOD\DEBUG_WIN32_VC10\ERRORCONCEALMENT.OBJ
H:\研究生\REC THRESH JM18.6\JM\LDECOD\DEBUG_WIN32_VC10\ERRORCONCEALMENT.SBR
H:\研究生\REC THRESH JM18.6\JM\LDECOD\DEBUG_WIN32_VC10\FILEHANDLE.OBJ
H:\研究生\REC THRESH JM18.6\JM\LDECOD\DEBUG_WIN32_VC10\FILEHANDLE.SBR
H:\研究生\REC THRESH JM18.6\JM\LDECOD\DEBUG_WIN32_VC10\FMO.OBJ
H:\研究生\REC THRESH JM18.6\JM\LDECOD\DEBUG_WIN32_VC10\FMO.SBR
H:\研究生\REC THRESH JM18.6\JM\LDECOD\DEBUG_WIN32_VC10\HEADER.OBJ
H:\研究生\REC THRESH JM18.6\JM\LDECOD\DEBUG_WIN32_VC10\HEADER.SBR
H:\研究生\REC THRESH JM18.6\JM\LDECOD\DEBUG_WIN32_VC10\IMAGE.OBJ
H:\研究生\REC THRESH JM18.6\JM\LDECOD\DEBUG_WIN32_VC10\IMAGE.SBR
H:\研究生\REC THRESH JM18.6\JM\LDECOD\DEBUG_WIN32_VC10\IMG_IO.OBJ
H:\研究生\REC THRESH JM18.6\JM\LDECOD\DEBUG_WIN32_VC10\IMG_IO.SBR
H:\研究生\REC THRESH JM18.6\JM\LDECOD\DEBUG_WIN32_VC10\IMG_PROCESS.OBJ
H:\研究生\REC THRESH JM18.6\JM\LDECOD\DEBUG_WIN32_VC10\IMG_PROCESS.SBR
H:\研究生\REC THRESH JM18.6\JM\LDECOD\DEBUG_WIN32_VC10\INPUT.OBJ
H:\研究生\REC THRESH JM18.6\JM\LDECOD\DEBUG_WIN32_VC10\INPUT.SBR
H:\研究生\REC THRESH JM18.6\JM\LDECOD\DEBUG_WIN32_VC10\INTRA_CHROMA_PRED.OBJ
H:\研究生\REC THRESH JM18.6\JM\LDECOD\DEBUG_WIN32_VC10\INTRA_CHROMA_PRED.SBR
H:\研究生\REC THRESH JM18.6\JM\LDECOD\DEBUG_WIN32_VC10\INTRA_CHROMA_PRED_MBAFF.OBJ
H:\研究生\REC THRESH JM18.6\JM\LDECOD\DEBUG_WIN32_VC10\INTRA_CHROMA_PRED_MBAFF.SBR
H:\研究生\REC THRESH JM18.6\JM\LDECOD\DEBUG_WIN32_VC10\INTRA_PRED_COMMON.OBJ
H:\研究生\REC THRESH JM18.6\JM\LDECOD\DEBUG_WIN32_VC10\INTRA_PRED_COMMON.SBR
H:\研究生\REC THRESH JM18.6\JM\LDECOD\DEBUG_WIN32_VC10\INTRA16X16_PRED.OBJ
H:\研究生\REC THRESH JM18.6\JM\LDECOD\DEBUG_WIN32_VC10\INTRA16X16_PRED.SBR
H:\研究生\REC THRESH JM18.6\JM\LDECOD\DEBUG_WIN32_VC10\INTRA16X16_PRED_MBAFF.OBJ
H:\研究生\REC THRESH JM18.6\JM\LDECOD\DEBUG_WIN32_VC10\INTRA16X16_PRED_MBAFF.SBR
H:\研究生\REC THRESH JM18.6\JM\LDECOD\DEBUG_WIN32_VC10\INTRA16X16_PRED_NORMAL.OBJ
H:\研究生\REC THRESH JM18.6\JM\LDECOD\DEBUG_WIN32_VC10\INTRA16X16_PRED_NORMAL.SBR
H:\研究生\REC THRESH JM18.6\JM\LDECOD\DEBUG_WIN32_VC10\INTRA4X4_PRED.OBJ
H:\研究生\REC THRESH JM18.6\JM\LDECOD\DEBUG_WIN32_VC10\INTRA4X4_PRED.SBR
H:\研究生\REC THRESH JM18.6\JM\LDECOD\DEBUG_WIN32_VC10\INTRA4X4_PRED_MBAFF.OBJ
H:\研究生\REC THRESH JM18.6\JM\LDECOD\DEBUG_WIN32_VC10\INTRA4X4_PRED_MBAFF.SBR
H:\研究生\REC THRESH JM18.6\JM\LDECOD\DEBUG_WIN32_VC10\INTRA4X4_PRED_NORMAL.OBJ
H:\研究生\REC THRESH JM18.6\JM\LDECOD\DEBUG_WIN32_VC10\INTRA4X4_PRED_NORMAL.SBR
H:\研究生\REC THRESH JM18.6\JM\LDECOD\DEBUG_WIN32_VC10\INTRA8X8_PRED.OBJ
H:\研究生\REC THRESH JM18.6\JM\LDECOD\DEBUG_WIN32_VC10\INTRA8X8_PRED.SBR
H:\研究生\REC THRESH JM18.6\JM\LDECOD\DEBUG_WIN32_VC10\INTRA8X8_PRED_MBAFF.OBJ
H:\研究生\REC THRESH JM18.6\JM\LDECOD\DEBUG_WIN32_VC10\INTRA8X8_PRED_MBAFF.SBR
H:\研究生\REC THRESH JM18.6\JM\LDECOD\DEBUG_WIN32_VC10\INTRA8X8_PRED_NORMAL.OBJ
H:\研究生\REC THRESH JM18.6\JM\LDECOD\DEBUG_WIN32_VC10\INTRA8X8_PRED_NORMAL.SBR
H:\研究生\REC THRESH JM18.6\JM\LDECOD\DEBUG_WIN32_VC10\IO_RAW.OBJ
H:\研究生\REC THRESH JM18.6\JM\LDECOD\DEBUG_WIN32_VC10\IO_RAW.SBR
H:\研究生\REC THRESH JM18.6\JM\LDECOD\DEBUG_WIN32_VC10\IO_TIFF.OBJ
H:\研究生\REC THRESH JM18.6\JM\LDECOD\DEBUG_WIN32_VC10\IO_TIFF.SBR
H:\研究生\rec thresh jm18.6\JM\ldecod\Debug_Win32_vc10\ldecod.exe.embed.manifest
H:\研究生\REC THRESH JM18.6\JM\LDECOD\DEBUG_WIN32_VC10\LDECOD.EXE.EMBED.MANIFEST.RES
H:\研究生\rec thresh jm18.6\JM\ldecod\Debug_Win32_vc10\ldecod.exe.intermediate.manifest
H:\研究生\REC THRESH JM18.6\JM\LDECOD\DEBUG_WIN32_VC10\LDECOD.OBJ
H:\研究生\rec thresh jm18.6\JM\ldecod\Debug_Win32_vc10\ldecod.pdb
H:\研究生\REC THRESH JM18.6\JM\LDECOD\DEBUG_WIN32_VC10\LDECOD.SBR
H:\研究生\rec thresh jm18.6\JM\ldecod\Debug_Win32_vc10\ldecod_manifest.rc
H:\研究生\REC THRESH JM18.6\JM\LDECOD\DEBUG_WIN32_VC10\LEAKY_BUCKET.OBJ
H:\研究生\REC THRESH JM18.6\JM\LDECOD\DEBUG_WIN32_VC10\LEAKY_BUCKET.SBR
H:\研究生\rec thresh jm18.6\JM\ldecod\Debug_Win32_vc10\link.1484.read.1.tlog
H:\研究生\rec thresh jm18.6\JM\ldecod\Debug_Win32_vc10\link.1484.write.1.tlog
H:\研究生\rec thresh jm18.6\JM\ldecod\Debug_Win32_vc10\link.1484-cvtres.read.1.tlog
H:\研究生\rec thresh jm18.6\JM\ldecod\Debug_Win32_vc10\link.1484-cvtres.write.1.tlog
H:\研究生\rec thresh jm18.6\JM\ldecod\Debug_Win32_vc10\link.5312.read.1.tlog
H:\研究生\rec thresh jm18.6\JM\ldecod\Debug_Win32_vc10\link.5312.write.1.tlog
H:\研究生\rec thresh jm18.6\JM\ldecod\Debug_Win32_vc10\link.5312-cvtres.read.1.tlog
H:\研究生\rec thresh jm18.6\JM\ldecod\Debug_Win32_vc10\link.5312-cvtres.write.1.tlog
H:\研究生\rec thresh jm18.6\JM\ldecod\Debug_Win32_vc10\link.852.read.1.tlog
H:\研究生\rec thresh jm18.6\JM\ldecod\Debug_Win32_vc10\link.852.write.1.tlog
H:\研究生\rec thresh jm18.6\JM\ldecod\Debug_Win32_vc10\link.852-cvtres.read.1.tlog
H:\研究生\rec thresh jm18.6\JM\ldecod\Debug_Win32_vc10\link.852-cvtres.write.1.tlog
H:\研究生\rec thresh jm18.6\JM\ldecod\Debug_Win32_vc10\link.command.1.tlog
H:\研究生\rec thresh jm18.6\JM\ldecod\Debug_Win32_vc10\link.read.1.tlog
H:\研究生\rec thresh jm18.6\JM\ldecod\Debug_Win32_vc10\link.write.1.tlog
H:\研究生\rec thresh jm18.6\JM\ldecod\Debug_Win32_vc10\link-cvtres.read.1.tlog
H:\研究生\rec thresh jm18.6\JM\ldecod\Debug_Win32_vc10\link-cvtres.write.1.tlog
H:\研究生\REC THRESH JM18.6\JM\LDECOD\DEBUG_WIN32_VC10\LOOP_FILTER_MBAFF.OBJ
H:\研究生\REC THRESH JM18.6\JM\LDECOD\DEBUG_WIN32_VC10\LOOP_FILTER_MBAFF.SBR
H:\研究生\REC THRESH JM18.6\JM\LDECOD\DEBUG_WIN32_VC10\LOOP_FILTER_NORMAL.OBJ
H:\研究生\REC THRESH JM18.6\JM\LDECOD\DEBUG_WIN32_VC10\LOOP_FILTER_NORMAL.SBR
H:\研究生\REC THRESH JM18.6\JM\LDECOD\DEBUG_WIN32_VC10\LOOPFILTER.OBJ
H:\研究生\REC THRESH JM18.6\JM\LDECOD\DEBUG_WIN32_VC10\LOOPFILTER.SBR
H:\研究生\REC THRESH JM18.6\JM\LDECOD\DEBUG_WIN32_VC10\MACROBLOCK.OBJ
H:\研究生\REC THRESH JM18.6\JM\LDECOD\DEBUG_WIN32_VC10\MACROBLOCK.SBR
H:\研究生\REC THRESH JM18.6\JM\LDECOD\DEBUG_WIN32_VC10\MB_ACCESS.OBJ
H:\研究生\REC THRESH JM18.6\JM\LDECOD\DEBUG_WIN32_VC10\MB_ACCESS.SBR
H:\研究生\REC THRESH JM18.6\JM\LDECOD\DEBUG_WIN32_VC10\MB_PREDICTION.OBJ
H:\研究生\REC THRESH JM18.6\JM\LDECOD\DEBUG_WIN32_VC10\MB_PREDICTION.SBR
H:\研究生\REC THRESH JM18.6\JM\LDECOD\DEBUG_WIN32_VC10\MB_READ.OBJ
H:\研究生\REC THRESH JM18.6\JM\LDECOD\DEBUG_WIN32_VC10\MB_READ.SBR
H:\研究生\REC THRESH JM18.6\JM\LDECOD\DEBUG_WIN32_VC10\MBUFFER.OBJ
H:\研究生\REC THRESH JM18.6\JM\LDECOD\DEBUG_WIN32_VC10\MBUFFER.SBR
H:\研究生\REC THRESH JM18.6\JM\LDECOD\DEBUG_WIN32_VC10\MBUFFER_COMMON.OBJ
H:\研究生\REC THRESH JM18.6\JM\LDECOD\DEBUG_WIN32_VC10\MBUFFER_COMMON.SBR
H:\研究生\REC THRESH JM18.6\JM\LDECOD\DEBUG_WIN32_VC10\MBUFFER_MVC.OBJ
H:\研究生\REC THRESH JM18.6\JM\LDECOD\DEBUG_WIN32_VC10\MBUFFER_MVC.SBR
H:\研究生\REC THRESH JM18.6\JM\LDECOD\DEBUG_WIN32_VC10\MC_DIRECT.OBJ
H:\研究生\REC THRESH JM18.6\JM\LDECOD\DEBUG_WIN32_VC10\MC_DIRECT.SBR
H:\研究生\REC THRESH JM18.6\JM\LDECOD\DEBUG_WIN32_VC10\MC_PREDICTION.OBJ
H:\研究生\REC THRESH JM18.6\JM\LDECOD\DEBUG_WIN32_VC10\MC_PREDICTION.SBR
H:\研究生\REC THRESH JM18.6\JM\LDECOD\DEBUG_WIN32_VC10\MEMALLOC.OBJ
H:\研究生\REC THRESH JM18.6\JM\LDECOD\DEBUG_WIN32_VC10\MEMALLOC.SBR
H:\研究生\rec thresh jm18.6\JM\ldecod\Debug_Win32_vc10\mt.command.1.tlog
H:\研究生\rec thresh jm18.6\JM\ldecod\Debug_Win32_vc10\mt.read.1.tlog
H:\研究生\rec thresh jm18.6\JM\ldecod\Debug_Win32_vc10\mt.write.1.tlog
H:\研究生\REC THRESH JM18.6\JM\LDECOD\DEBUG_WIN32_VC10\MV_PREDICTION.OBJ
H:\研究生\REC THRESH JM18.6\JM\LDECOD\DEBUG_WIN32_VC10\MV_PREDICTION.SBR
H:\研究生\REC THRESH JM18.6\JM\LDECOD\DEBUG_WIN32_VC10\NAL.OBJ
H:\研究生\REC THRESH JM18.6\JM\LDECOD\DEBUG_WIN32_VC10\NAL.SBR
H:\研究生\REC THRESH JM18.6\JM\LDECOD\DEBUG_WIN32_VC10\NALU.OBJ
H:\研究生\REC THRESH JM18.6\JM\LDECOD\DEBUG_WIN32_VC10\NALU.SBR
H:\研究生\REC THRESH JM18.6\JM\LDECOD\DEBUG_WIN32_VC10\NALUCOMMON.OBJ
H:\研究生\REC THRESH JM18.6\JM\LDECOD\DEBUG_WIN32_VC10\NALUCOMMON.SBR
H:\研究生\REC THRESH JM18.6\JM\LDECOD\DEBUG_WIN32_VC10\OUTPUT.OBJ
H:\研究生\REC THRESH JM18.6\JM\LDECOD\DEBUG_WIN32_VC10\OUTPUT.SBR
H:\研究生\REC THRESH JM18.6\JM\LDECOD\DEBUG_WIN32_VC10\PARSET.OBJ
H:\研究生\REC THRESH JM18.6\JM\LDECOD\DEBUG_WIN32_VC10\PARSET.SBR
H:\研究生\REC THRESH JM18.6\JM\LDECOD\DEBUG_WIN32_VC10\PARSETCOMMON.OBJ
H:\研究生\REC THRESH JM18.6\JM\LDECOD\DEBUG_WIN32_VC10\PARSETCOMMON.SBR
H:\研究生\REC THRESH JM18.6\JM\LDECOD\DEBUG_WIN32_VC10\QUANT.OBJ
H:\研究生\REC THRESH JM18.6\JM\LDECOD\DEBUG_WIN32_VC10\QUANT.SBR
H:\研究生\rec thresh jm18.6\JM\ldecod\Debug_Win32_vc10\rc.command.1.tlog
H:\研究生\rec thresh jm18.6\JM\ldecod\Debug_Win32_vc10\rc.read.1.tlog
H:\研究生\rec thresh jm18.6\JM\ldecod\Debug_Win32_vc10\rc.write.1.tlog
H:\研究生\REC THRESH JM18.6\JM\LDECOD\DEBUG_WIN32_VC10\READ_COMP_CABAC.OBJ
H:\研究生\REC THRESH JM18.6\JM\LDECOD\DEBUG_WIN32_VC10\READ_COMP_CABAC.SBR
H:\研究生\REC THRESH JM18.6\JM\LDECOD\DEBUG_WIN32_VC10\READ_COMP_CAVLC.OBJ
H:\研究生\REC THRESH JM18.6\JM\LDECOD\DEBUG_WIN32_VC10\READ_COMP_CAVLC.SBR
H:\研究生\REC THRESH JM18.6\JM\LDECOD\DEBUG_WIN32_VC10\RTP.OBJ
H:\研究生\REC THRESH JM18.6\JM\LDECOD\DEBUG_WIN32_VC10\RTP.SBR
H:\研究生\REC THRESH JM18.6\JM\LDECOD\DEBUG_WIN32_VC10\SEI.OBJ
H:\研究生\REC THRESH JM18.6\JM\LDECOD\DEBUG_WIN32_VC10\SEI.SBR
H:\研究生\REC THRESH JM18.6\JM\LDECOD\DEBUG_WIN32_VC10\TRANSFORM.OBJ
H:\研究生\REC THRESH JM18.6\JM\LDECOD\DEBUG_WIN32_VC10\TRANSFORM.SBR
H:\研究生\REC THRESH JM18.6\JM\LDECOD\DEBUG_WIN32_VC10\TRANSFORM8X8.OBJ
H:\研究生\REC THRESH JM18.6\JM\LDECOD\DEBUG_WIN32_VC10\TRANSFORM8X8.SBR
H:\研究生\rec thresh jm18.6\JM\ldecod\Debug_Win32_vc10\vc100.idb
H:\研究生\REC THRESH JM18.6\JM\LDECOD\DEBUG_WIN32_VC10\VC100.PDB
H:\研究生\REC THRESH JM18.6\JM\LDECOD\DEBUG_WIN32_VC10\VLC.OBJ
H:\研究生\REC THRESH JM18.6\JM\LDECOD\DEBUG_WIN32_VC10\VLC.SBR
H:\研究生\REC THRESH JM18.6\JM\LDECOD\DEBUG_WIN32_VC10\WIN32.OBJ
H:\研究生\REC THRESH JM18.6\JM\LDECOD\DEBUG_WIN32_VC10\WIN32.SBR
